Using pre-set license
Built from '2021.3/staging' branch; Version is '2021.3.24f1 (cf10dcf7010d) revision 13570268'; Using compiler version '192829333'; Build Type 'Release'
OS: 'Windows 10  (10.0.19044) 64bit Professional' Language: 'ko' Physical Memory: 16241 MB
BatchMode: 1, IsHumanControllingUs: 0, StartBugReporterOnCrash: 0, Is64bit: 1, IsPro: 1

COMMAND LINE ARGUMENTS:
C:\Program Files\Unity\Hub\Editor\2021.3.24f1\Editor\Unity.exe
-adb2
-batchMode
-noUpm
-name
AssetImportWorker1
-projectPath
D:/City_Moonlight/5_Project/City_Moonlight
-logFile
Logs/AssetImportWorker1.log
-srvPort
60144
Successfully changed project path to: D:/City_Moonlight/5_Project/City_Moonlight
D:/City_Moonlight/5_Project/City_Moonlight
[UnityMemory] Configuration Parameters - Can be set up in boot.config
    "memorysetup-bucket-allocator-granularity=16"
    "memorysetup-bucket-allocator-bucket-count=8"
    "memorysetup-bucket-allocator-block-size=33554432"
    "memorysetup-bucket-allocator-block-count=8"
    "memorysetup-main-allocator-block-size=16777216"
    "memorysetup-thread-allocator-block-size=16777216"
    "memorysetup-gfx-main-allocator-block-size=16777216"
    "memorysetup-gfx-thread-allocator-block-size=16777216"
    "memorysetup-cache-allocator-block-size=4194304"
    "memorysetup-typetree-allocator-block-size=2097152"
    "memorysetup-profiler-bucket-allocator-granularity=16"
    "memorysetup-profiler-bucket-allocator-bucket-count=8"
    "memorysetup-profiler-bucket-allocator-block-size=33554432"
    "memorysetup-profiler-bucket-allocator-block-count=8"
    "memorysetup-profiler-allocator-block-size=16777216"
    "memorysetup-profiler-editor-allocator-block-size=1048576"
    "memorysetup-temp-allocator-size-main=16777216"
    "memorysetup-job-temp-allocator-block-size=2097152"
    "memorysetup-job-temp-allocator-block-size-background=1048576"
    "memorysetup-job-temp-allocator-reduction-small-platforms=262144"
    "memorysetup-temp-allocator-size-background-worker=32768"
    "memorysetup-temp-allocator-size-job-worker=262144"
    "memorysetup-temp-allocator-size-preload-manager=33554432"
    "memorysetup-temp-allocator-size-nav-mesh-worker=65536"
    "memorysetup-temp-allocator-size-audio-worker=65536"
    "memorysetup-temp-allocator-size-cloud-worker=32768"
    "memorysetup-temp-allocator-size-gi-baking-worker=262144"
    "memorysetup-temp-allocator-size-gfx=262144"
Player connection [12828] Host "[IP] 192.168.150.229 [Port] 0 [Flags] 2 [Guid] 157206528 [EditorId] 157206528 [Version] 1048832 [Id] WindowsEditor(7,DESKTOP-H8JCEKN) [Debug] 1 [PackageName] WindowsEditor [ProjectName] Editor" joined multi-casting on [225.0.0.222:54997]...

Player connection [12828] Host "[IP] 192.168.150.229 [Port] 0 [Flags] 2 [Guid] 157206528 [EditorId] 157206528 [Version] 1048832 [Id] WindowsEditor(7,DESKTOP-H8JCEKN) [Debug] 1 [PackageName] WindowsEditor [ProjectName] Editor" joined alternative multi-casting on [225.0.0.222:34997]...

Refreshing native plugins compatible for Editor in 150.37 ms, found 3 plugins.
Preloading 0 native plugins for Editor in 0.00 ms.
Initialize engine version: 2021.3.24f1 (cf10dcf7010d)
[Subsystems] Discovering subsystems at path C:/Program Files/Unity/Hub/Editor/2021.3.24f1/Editor/Data/Resources/UnitySubsystems
[Subsystems] Discovering subsystems at path D:/City_Moonlight/5_Project/City_Moonlight/Assets
GfxDevice: creating device client; threaded=0; jobified=0
Direct3D:
    Version:  Direct3D 11.0 [level 11.1]
    Renderer: NVIDIA GeForce GTX 1650 (ID=0x1f91)
    Vendor:   NVIDIA
    VRAM:     3964 MB
    Driver:   31.0.15.1700
Initialize mono
Mono path[0] = 'C:/Program Files/Unity/Hub/Editor/2021.3.24f1/Editor/Data/Managed'
Mono path[1] = 'C:/Program Files/Unity/Hub/Editor/2021.3.24f1/Editor/Data/MonoBleedingEdge/lib/mono/unityjit-win32'
Mono config path = 'C:/Program Files/Unity/Hub/Editor/2021.3.24f1/Editor/Data/MonoBleedingEdge/etc'
Using monoOptions --debugger-agent=transport=dt_socket,embedding=1,server=y,suspend=n,address=127.0.0.1:56504
Begin MonoManager ReloadAssembly
Registering precompiled unity dll's ...
Register platform support module: C:/Program Files/Unity/Hub/Editor/2021.3.24f1/Editor/Data/PlaybackEngines/WindowsStandaloneSupport/UnityEditor.WindowsStandalone.Extensions.dll
Registered in 0.008171 seconds.
Native extension for WindowsStandalone target not found
Refreshing native plugins compatible for Editor in 128.46 ms, found 3 plugins.
Preloading 0 native plugins for Editor in 0.00 ms.
Mono: successfully reloaded assembly
- Completed reload, in  0.807 seconds
Domain Reload Profiling:
	ReloadAssembly (808ms)
		BeginReloadAssembly (127ms)
			ExecutionOrderSort (0ms)
			DisableScriptedObjects (0ms)
			BackupInstance (0ms)
			ReleaseScriptingObjects (0ms)
			CreateAndSetChildDomain (1ms)
		EndReloadAssembly (546ms)
			LoadAssemblies (124ms)
			RebuildTransferFunctionScriptingTraits (0ms)
			SetupTypeCache (119ms)
			ReleaseScriptCaches (0ms)
			RebuildScriptCaches (35ms)
			SetupLoadedEditorAssemblies (335ms)
				LogAssemblyErrors (0ms)
				InitializePlatformSupportModulesInManaged (8ms)
				SetLoadedEditorAssemblies (0ms)
				RefreshPlugins (129ms)
				BeforeProcessingInitializeOnLoad (1ms)
				ProcessInitializeOnLoadAttributes (145ms)
				ProcessInitializeOnLoadMethodAttributes (52ms)
				AfterProcessingInitializeOnLoad (0ms)
				EditorAssembliesLoaded (0ms)
			ExecutionOrderSort2 (0ms)
			AwakeInstancesAfterBackupRestoration (0ms)
Platform modules already initialized, skipping
Registering precompiled user dll's ...
Registered in 0.006398 seconds.
Begin MonoManager ReloadAssembly
Native extension for WindowsStandalone target not found
Refreshing native plugins compatible for Editor in 123.97 ms, found 3 plugins.
Preloading 0 native plugins for Editor in 0.00 ms.
Mono: successfully reloaded assembly
- Completed reload, in  1.479 seconds
Domain Reload Profiling:
	ReloadAssembly (1480ms)
		BeginReloadAssembly (141ms)
			ExecutionOrderSort (0ms)
			DisableScriptedObjects (7ms)
			BackupInstance (0ms)
			ReleaseScriptingObjects (0ms)
			CreateAndSetChildDomain (23ms)
		EndReloadAssembly (1215ms)
			LoadAssemblies (115ms)
			RebuildTransferFunctionScriptingTraits (0ms)
			SetupTypeCache (366ms)
			ReleaseScriptCaches (1ms)
			RebuildScriptCaches (74ms)
			SetupLoadedEditorAssemblies (636ms)
				LogAssemblyErrors (0ms)
				InitializePlatformSupportModulesInManaged (5ms)
				SetLoadedEditorAssemblies (0ms)
				RefreshPlugins (124ms)
				BeforeProcessingInitializeOnLoad (122ms)
				ProcessInitializeOnLoadAttributes (290ms)
				ProcessInitializeOnLoadMethodAttributes (85ms)
				AfterProcessingInitializeOnLoad (9ms)
				EditorAssembliesLoaded (0ms)
			ExecutionOrderSort2 (0ms)
			AwakeInstancesAfterBackupRestoration (6ms)
Platform modules already initialized, skipping
========================================================================
Worker process is ready to serve import requests
Launched and connected shader compiler UnityShaderCompiler.exe after 0.06 seconds
Refreshing native plugins compatible for Editor in 1.72 ms, found 3 plugins.
Preloading 0 native plugins for Editor in 0.00 ms.
Unloading 5267 Unused Serialized files (Serialized files now loaded: 0)
Unloading 57 unused Assets / (2.0 MB). Loaded Objects now: 5712.
Memory consumption went from 223.5 MB to 221.5 MB.
Total: 4.208400 ms (FindLiveObjects: 0.534400 ms CreateObjectMapping: 0.483800 ms MarkObjects: 2.659600 ms  DeleteObjects: 0.529300 ms)

AssetImportParameters requested are different than current active one (requested -> active):
  custom:video-decoder-ogg-theora: a1e56fd34408186e4bbccfd4996cb3dc -> 
  custom:container-muxer-webm: aa71ff27fc2769a1b78a27578f13a17b -> 
  custom:container-demuxer-webm: 4f35f7cbe854078d1ac9338744f61a02 -> 
  custom:video-encoder-webm-vp8: eb34c28f22e8b96e1ab97ce403110664 -> 
  custom:audio-encoder-webm-vorbis: bf7c407c2cedff20999df2af8eb42d56 -> 
  custom:framework-win-MediaFoundation: 216162199b28c13a410421893ffa2e32 -> 
  custom:container-demuxer-ogg: 62fdf1f143b41e24485cea50d1cbac27 -> 
  custom:video-decoder-webm-vp8: 9c59270c3fd7afecdb556c50c9e8de78 -> 
  custom:audio-decoder-ogg-vorbis: bf7c407c2cedff20999df2af8eb42d56 -> 
========================================================================
Received Import Request.
  Time since last request: 1208071.198837 seconds.
  path: Assets/test_pot_ani.fbx
  artifactKey: Guid(a0319d061162918488455ec4424cd2b6) Importer(815301076,1909f56bfc062723c751e8b465ee728b)
Start importing Assets/test_pot_ani.fbx using Guid(a0319d061162918488455ec4424cd2b6) Importer(815301076,1909f56bfc062723c751e8b465ee728b)  -> (artifact id: '798556c3db518cf0d69cbb4d96add7da') in 0.390368 seconds 
========================================================================
Received Prepare
Registering precompiled user dll's ...
Registered in 0.004837 seconds.
Begin MonoManager ReloadAssembly
Native extension for WindowsStandalone target not found
Refreshing native plugins compatible for Editor in 1.99 ms, found 3 plugins.
Preloading 0 native plugins for Editor in 0.00 ms.
Mono: successfully reloaded assembly
- Completed reload, in  1.601 seconds
Domain Reload Profiling:
	ReloadAssembly (1602ms)
		BeginReloadAssembly (170ms)
			ExecutionOrderSort (0ms)
			DisableScriptedObjects (8ms)
			BackupInstance (0ms)
			ReleaseScriptingObjects (0ms)
			CreateAndSetChildDomain (47ms)
		EndReloadAssembly (1326ms)
			LoadAssemblies (111ms)
			RebuildTransferFunctionScriptingTraits (0ms)
			SetupTypeCache (337ms)
			ReleaseScriptCaches (2ms)
			RebuildScriptCaches (74ms)
			SetupLoadedEditorAssemblies (671ms)
				LogAssemblyErrors (0ms)
				InitializePlatformSupportModulesInManaged (8ms)
				SetLoadedEditorAssemblies (1ms)
				RefreshPlugins (2ms)
				BeforeProcessingInitializeOnLoad (128ms)
				ProcessInitializeOnLoadAttributes (394ms)
				ProcessInitializeOnLoadMethodAttributes (125ms)
				AfterProcessingInitializeOnLoad (13ms)
				EditorAssembliesLoaded (0ms)
			ExecutionOrderSort2 (0ms)
			AwakeInstancesAfterBackupRestoration (20ms)
Platform modules already initialized, skipping
Refreshing native plugins compatible for Editor in 2.40 ms, found 3 plugins.
Preloading 0 native plugins for Editor in 0.00 ms.
Unloading 5096 Unused Serialized files (Serialized files now loaded: 0)
Unloading 38 unused Assets / (2.0 MB). Loaded Objects now: 5790.
Memory consumption went from 216.0 MB to 214.0 MB.
Total: 6.549700 ms (FindLiveObjects: 0.585500 ms CreateObjectMapping: 1.475600 ms MarkObjects: 3.849400 ms  DeleteObjects: 0.638000 ms)

AssetImportParameters requested are different than current active one (requested -> active):
  custom:video-decoder-ogg-theora: a1e56fd34408186e4bbccfd4996cb3dc -> 
  custom:container-muxer-webm: aa71ff27fc2769a1b78a27578f13a17b -> 
  custom:container-demuxer-webm: 4f35f7cbe854078d1ac9338744f61a02 -> 
  custom:video-encoder-webm-vp8: eb34c28f22e8b96e1ab97ce403110664 -> 
  custom:audio-encoder-webm-vorbis: bf7c407c2cedff20999df2af8eb42d56 -> 
  custom:framework-win-MediaFoundation: 216162199b28c13a410421893ffa2e32 -> 
  custom:container-demuxer-ogg: 62fdf1f143b41e24485cea50d1cbac27 -> 
  custom:video-decoder-webm-vp8: 9c59270c3fd7afecdb556c50c9e8de78 -> 
  custom:audio-decoder-ogg-vorbis: bf7c407c2cedff20999df2af8eb42d56 -> 
========================================================================
Received Prepare
Registering precompiled user dll's ...
Registered in 0.005088 seconds.
Begin MonoManager ReloadAssembly
Native extension for WindowsStandalone target not found
Refreshing native plugins compatible for Editor in 1.56 ms, found 3 plugins.
Preloading 0 native plugins for Editor in 0.00 ms.
Mono: successfully reloaded assembly
- Completed reload, in  1.690 seconds
Domain Reload Profiling:
	ReloadAssembly (1691ms)
		BeginReloadAssembly (187ms)
			ExecutionOrderSort (0ms)
			DisableScriptedObjects (6ms)
			BackupInstance (0ms)
			ReleaseScriptingObjects (0ms)
			CreateAndSetChildDomain (53ms)
		EndReloadAssembly (1373ms)
			LoadAssemblies (127ms)
			RebuildTransferFunctionScriptingTraits (0ms)
			SetupTypeCache (360ms)
			ReleaseScriptCaches (2ms)
			RebuildScriptCaches (58ms)
			SetupLoadedEditorAssemblies (722ms)
				LogAssemblyErrors (0ms)
				InitializePlatformSupportModulesInManaged (9ms)
				SetLoadedEditorAssemblies (1ms)
				RefreshPlugins (2ms)
				BeforeProcessingInitializeOnLoad (139ms)
				ProcessInitializeOnLoadAttributes (423ms)
				ProcessInitializeOnLoadMethodAttributes (134ms)
				AfterProcessingInitializeOnLoad (13ms)
				EditorAssembliesLoaded (1ms)
			ExecutionOrderSort2 (0ms)
			AwakeInstancesAfterBackupRestoration (25ms)
Platform modules already initialized, skipping
Refreshing native plugins compatible for Editor in 6.05 ms, found 3 plugins.
Preloading 0 native plugins for Editor in 0.00 ms.
Unloading 5097 Unused Serialized files (Serialized files now loaded: 0)
Unloading 38 unused Assets / (2.0 MB). Loaded Objects now: 5805.
Memory consumption went from 216.0 MB to 214.0 MB.
Total: 6.753100 ms (FindLiveObjects: 0.675600 ms CreateObjectMapping: 0.468300 ms MarkObjects: 4.307100 ms  DeleteObjects: 1.300300 ms)

AssetImportParameters requested are different than current active one (requested -> active):
  custom:video-decoder-ogg-theora: a1e56fd34408186e4bbccfd4996cb3dc -> 
  custom:container-muxer-webm: aa71ff27fc2769a1b78a27578f13a17b -> 
  custom:container-demuxer-webm: 4f35f7cbe854078d1ac9338744f61a02 -> 
  custom:video-encoder-webm-vp8: eb34c28f22e8b96e1ab97ce403110664 -> 
  custom:audio-encoder-webm-vorbis: bf7c407c2cedff20999df2af8eb42d56 -> 
  custom:framework-win-MediaFoundation: 216162199b28c13a410421893ffa2e32 -> 
  custom:container-demuxer-ogg: 62fdf1f143b41e24485cea50d1cbac27 -> 
  custom:video-decoder-webm-vp8: 9c59270c3fd7afecdb556c50c9e8de78 -> 
  custom:audio-decoder-ogg-vorbis: bf7c407c2cedff20999df2af8eb42d56 -> 
========================================================================
Received Import Request.
  Time since last request: 432.268937 seconds.
  path: Assets/4_Resources/background/cloud_BG.png
  artifactKey: Guid(4e145699afaafa243ba33ad0ed36c565) Importer(815301076,1909f56bfc062723c751e8b465ee728b)
Start importing Assets/4_Resources/background/cloud_BG.png using Guid(4e145699afaafa243ba33ad0ed36c565) Importer(815301076,1909f56bfc062723c751e8b465ee728b)  -> (artifact id: 'a02ada604dbeb141c4235b8bf433c1dc') in 0.481225 seconds 
========================================================================
Received Import Request.
  Time since last request: 0.000027 seconds.
  path: Assets/4_Resources/ui/Setting/gaugebar_ui.png
  artifactKey: Guid(cf177c85f628074499a7dbb85293ef05) Importer(815301076,1909f56bfc062723c751e8b465ee728b)
Start importing Assets/4_Resources/ui/Setting/gaugebar_ui.png using Guid(cf177c85f628074499a7dbb85293ef05) Importer(815301076,1909f56bfc062723c751e8b465ee728b)  -> (artifact id: '396cd73a9569e1ad741fa1f853730af0') in 0.032863 seconds 
========================================================================
Received Import Request.
  Time since last request: 0.000046 seconds.
  path: Assets/4_Resources/background/cloud_BG 1_CutScene.png
  artifactKey: Guid(6e0dcde2b010b4345a9315b80fd85b65) Importer(815301076,1909f56bfc062723c751e8b465ee728b)
Start importing Assets/4_Resources/background/cloud_BG 1_CutScene.png using Guid(6e0dcde2b010b4345a9315b80fd85b65) Importer(815301076,1909f56bfc062723c751e8b465ee728b)  -> (artifact id: '6636a3d3314351cd7918db2e4a32f800') in 0.177297 seconds 
========================================================================
Received Import Request.
  Time since last request: 0.000028 seconds.
  path: Assets/unity-chan!/Unity-chan! Model/SplashScreen/Logo/Dark_Silhouette.png
  artifactKey: Guid(214f7e62633ee4585a55b459cc6d0f53) Importer(815301076,1909f56bfc062723c751e8b465ee728b)
Start importing Assets/unity-chan!/Unity-chan! Model/SplashScreen/Logo/Dark_Silhouette.png using Guid(214f7e62633ee4585a55b459cc6d0f53) Importer(815301076,1909f56bfc062723c751e8b465ee728b)  -> (artifact id: '356945952de518b1b12b744dd0f64c4b') in 0.056205 seconds 
========================================================================
Received Import Request.
  Time since last request: 0.000034 seconds.
  path: Assets/4_Resources/ui/Setting/gaugebutton_ui.png
  artifactKey: Guid(dbf063362251b7440b1e56cee5d5b3e9) Importer(815301076,1909f56bfc062723c751e8b465ee728b)
Start importing Assets/4_Resources/ui/Setting/gaugebutton_ui.png using Guid(dbf063362251b7440b1e56cee5d5b3e9) Importer(815301076,1909f56bfc062723c751e8b465ee728b)  -> (artifact id: 'f392042c74c08f29f26b5c2a4ddbd5ee') in 0.025839 seconds 
========================================================================
Received Import Request.
  Time since last request: 0.000030 seconds.
  path: Assets/4_Resources/background/cloud_BG 1.png
  artifactKey: Guid(21bc6517e26697a498e94fbc22c985c4) Importer(815301076,1909f56bfc062723c751e8b465ee728b)
Start importing Assets/4_Resources/background/cloud_BG 1.png using Guid(21bc6517e26697a498e94fbc22c985c4) Importer(815301076,1909f56bfc062723c751e8b465ee728b)  -> (artifact id: '08d526cda3917e89f8a70549742efbe4') in 0.247823 seconds 
========================================================================
Received Import Request.
  Time since last request: 1.541256 seconds.
  path: Assets/4_Resources/background/lamp_BG 1.png
  artifactKey: Guid(5b73c5a7f41a2e341b5c35b8c49b8cd7) Importer(815301076,1909f56bfc062723c751e8b465ee728b)
Start importing Assets/4_Resources/background/lamp_BG 1.png using Guid(5b73c5a7f41a2e341b5c35b8c49b8cd7) Importer(815301076,1909f56bfc062723c751e8b465ee728b)  -> (artifact id: 'f3a4b99f8bff5eeb8b7db8105714c574') in 0.245138 seconds 
========================================================================
Received Import Request.
  Time since last request: 0.234590 seconds.
  path: Assets/unity-chan!/Unity-chan! Model/SplashScreen/Logo/Light_Silhouette.png
  artifactKey: Guid(f0b1c60b0227e4e1fa89a56252ded127) Importer(815301076,1909f56bfc062723c751e8b465ee728b)
Start importing Assets/unity-chan!/Unity-chan! Model/SplashScreen/Logo/Light_Silhouette.png using Guid(f0b1c60b0227e4e1fa89a56252ded127) Importer(815301076,1909f56bfc062723c751e8b465ee728b)  -> (artifact id: '87eae7778cef9a8dc19b970a1b89a128') in 0.035023 seconds 
========================================================================
Received Import Request.
  Time since last request: 1.874133 seconds.
  path: Assets/Scenes/CutScenes/title_ui.png
  artifactKey: Guid(9e87d32bb4e7b314ab564fcdb1beec06) Importer(815301076,1909f56bfc062723c751e8b465ee728b)
Start importing Assets/Scenes/CutScenes/title_ui.png using Guid(9e87d32bb4e7b314ab564fcdb1beec06) Importer(815301076,1909f56bfc062723c751e8b465ee728b)  -> (artifact id: '308fce7286304dc0782db494bbf3462a') in 0.118455 seconds 
========================================================================
Received Import Request.
  Time since last request: 31.093344 seconds.
  path: Assets/4_Resources/background/lamp_BG 1_CutScene.png
  artifactKey: Guid(556af53ef6b2fbb4ea3e15ac85ce47a4) Importer(815301076,1909f56bfc062723c751e8b465ee728b)
Start importing Assets/4_Resources/background/lamp_BG 1_CutScene.png using Guid(556af53ef6b2fbb4ea3e15ac85ce47a4) Importer(815301076,1909f56bfc062723c751e8b465ee728b)  -> (artifact id: 'd4bafc1b5ac5b0c8353ce1c6343bb09b') in 0.027602 seconds 
========================================================================
Received Import Request.
  Time since last request: 0.000130 seconds.
  path: Assets/4_Resources/background/lamp_BG_2.png
  artifactKey: Guid(c2f2ab087ec15f14da1e3781a4835c4f) Importer(815301076,1909f56bfc062723c751e8b465ee728b)
Start importing Assets/4_Resources/background/lamp_BG_2.png using Guid(c2f2ab087ec15f14da1e3781a4835c4f) Importer(815301076,1909f56bfc062723c751e8b465ee728b)  -> (artifact id: '55bdcaf282e01459fa0e8281542af257') in 0.034413 seconds 
========================================================================
Received Import Request.
  Time since last request: 148.641817 seconds.
  path: Assets/4_Resources/Sound/BGM/Wav/OP-BGM.wav
  artifactKey: Guid(571cf360a8acf0142b6d460334ff7215) Importer(815301076,1909f56bfc062723c751e8b465ee728b)
Start importing Assets/4_Resources/Sound/BGM/Wav/OP-BGM.wav using Guid(571cf360a8acf0142b6d460334ff7215) Importer(815301076,1909f56bfc062723c751e8b465ee728b)  -> (artifact id: '3e95ea666520b2e0a3de6fa390eea4bc') in 0.084457 seconds 
========================================================================
Received Prepare
Registering precompiled user dll's ...
Registered in 0.004997 seconds.
Begin MonoManager ReloadAssembly
Native extension for WindowsStandalone target not found
Refreshing native plugins compatible for Editor in 1.73 ms, found 3 plugins.
Preloading 0 native plugins for Editor in 0.00 ms.
Mono: successfully reloaded assembly
- Completed reload, in  1.670 seconds
Domain Reload Profiling:
	ReloadAssembly (1671ms)
		BeginReloadAssembly (213ms)
			ExecutionOrderSort (0ms)
			DisableScriptedObjects (5ms)
			BackupInstance (0ms)
			ReleaseScriptingObjects (0ms)
			CreateAndSetChildDomain (63ms)
		EndReloadAssembly (1350ms)
			LoadAssemblies (140ms)
			RebuildTransferFunctionScriptingTraits (0ms)
			SetupTypeCache (382ms)
			ReleaseScriptCaches (2ms)
			RebuildScriptCaches (57ms)
			SetupLoadedEditorAssemblies (688ms)
				LogAssemblyErrors (0ms)
				InitializePlatformSupportModulesInManaged (12ms)
				SetLoadedEditorAssemblies (1ms)
				RefreshPlugins (2ms)
				BeforeProcessingInitializeOnLoad (138ms)
				ProcessInitializeOnLoadAttributes (389ms)
				ProcessInitializeOnLoadMethodAttributes (132ms)
				AfterProcessingInitializeOnLoad (15ms)
				EditorAssembliesLoaded (0ms)
			ExecutionOrderSort2 (0ms)
			AwakeInstancesAfterBackupRestoration (23ms)
Platform modules already initialized, skipping
Refreshing native plugins compatible for Editor in 2.53 ms, found 3 plugins.
Preloading 0 native plugins for Editor in 0.00 ms.
Unloading 5097 Unused Serialized files (Serialized files now loaded: 0)
Unloading 38 unused Assets / (2.0 MB). Loaded Objects now: 5840.
Memory consumption went from 216.3 MB to 214.3 MB.
Total: 6.084000 ms (FindLiveObjects: 0.540200 ms CreateObjectMapping: 1.159000 ms MarkObjects: 3.783100 ms  DeleteObjects: 0.600400 ms)

AssetImportParameters requested are different than current active one (requested -> active):
  custom:video-decoder-ogg-theora: a1e56fd34408186e4bbccfd4996cb3dc -> 
  custom:container-muxer-webm: aa71ff27fc2769a1b78a27578f13a17b -> 
  custom:container-demuxer-webm: 4f35f7cbe854078d1ac9338744f61a02 -> 
  custom:video-encoder-webm-vp8: eb34c28f22e8b96e1ab97ce403110664 -> 
  custom:audio-encoder-webm-vorbis: bf7c407c2cedff20999df2af8eb42d56 -> 
  custom:framework-win-MediaFoundation: 216162199b28c13a410421893ffa2e32 -> 
  custom:container-demuxer-ogg: 62fdf1f143b41e24485cea50d1cbac27 -> 
  custom:video-decoder-webm-vp8: 9c59270c3fd7afecdb556c50c9e8de78 -> 
  custom:audio-decoder-ogg-vorbis: bf7c407c2cedff20999df2af8eb42d56 -> 
========================================================================
Received Prepare
Registering precompiled user dll's ...
Registered in 0.006833 seconds.
Begin MonoManager ReloadAssembly
Native extension for WindowsStandalone target not found
Refreshing native plugins compatible for Editor in 1.45 ms, found 3 plugins.
Preloading 0 native plugins for Editor in 0.00 ms.
Mono: successfully reloaded assembly
- Completed reload, in  1.752 seconds
Domain Reload Profiling:
	ReloadAssembly (1753ms)
		BeginReloadAssembly (181ms)
			ExecutionOrderSort (0ms)
			DisableScriptedObjects (5ms)
			BackupInstance (0ms)
			ReleaseScriptingObjects (0ms)
			CreateAndSetChildDomain (53ms)
		EndReloadAssembly (1452ms)
			LoadAssemblies (121ms)
			RebuildTransferFunctionScriptingTraits (0ms)
			SetupTypeCache (420ms)
			ReleaseScriptCaches (2ms)
			RebuildScriptCaches (88ms)
			SetupLoadedEditorAssemblies (683ms)
				LogAssemblyErrors (0ms)
				InitializePlatformSupportModulesInManaged (9ms)
				SetLoadedEditorAssemblies (1ms)
				RefreshPlugins (2ms)
				BeforeProcessingInitializeOnLoad (136ms)
				ProcessInitializeOnLoadAttributes (401ms)
				ProcessInitializeOnLoadMethodAttributes (123ms)
				AfterProcessingInitializeOnLoad (11ms)
				EditorAssembliesLoaded (0ms)
			ExecutionOrderSort2 (0ms)
			AwakeInstancesAfterBackupRestoration (22ms)
Platform modules already initialized, skipping
Refreshing native plugins compatible for Editor in 2.56 ms, found 3 plugins.
Preloading 0 native plugins for Editor in 0.00 ms.
Unloading 5097 Unused Serialized files (Serialized files now loaded: 0)
Unloading 38 unused Assets / (2.0 MB). Loaded Objects now: 5855.
Memory consumption went from 216.3 MB to 214.3 MB.
Total: 5.290300 ms (FindLiveObjects: 0.656800 ms CreateObjectMapping: 1.313600 ms MarkObjects: 2.639300 ms  DeleteObjects: 0.679300 ms)

AssetImportParameters requested are different than current active one (requested -> active):
  custom:video-decoder-ogg-theora: a1e56fd34408186e4bbccfd4996cb3dc -> 
  custom:container-muxer-webm: aa71ff27fc2769a1b78a27578f13a17b -> 
  custom:container-demuxer-webm: 4f35f7cbe854078d1ac9338744f61a02 -> 
  custom:video-encoder-webm-vp8: eb34c28f22e8b96e1ab97ce403110664 -> 
  custom:audio-encoder-webm-vorbis: bf7c407c2cedff20999df2af8eb42d56 -> 
  custom:framework-win-MediaFoundation: 216162199b28c13a410421893ffa2e32 -> 
  custom:container-demuxer-ogg: 62fdf1f143b41e24485cea50d1cbac27 -> 
  custom:video-decoder-webm-vp8: 9c59270c3fd7afecdb556c50c9e8de78 -> 
  custom:audio-decoder-ogg-vorbis: bf7c407c2cedff20999df2af8eb42d56 -> 
========================================================================
Received Prepare
Registering precompiled user dll's ...
Registered in 0.005338 seconds.
Begin MonoManager ReloadAssembly
Native extension for WindowsStandalone target not found
Refreshing native plugins compatible for Editor in 1.43 ms, found 3 plugins.
Preloading 0 native plugins for Editor in 0.00 ms.
Mono: successfully reloaded assembly
- Completed reload, in  1.663 seconds
Domain Reload Profiling:
	ReloadAssembly (1664ms)
		BeginReloadAssembly (194ms)
			ExecutionOrderSort (0ms)
			DisableScriptedObjects (6ms)
			BackupInstance (0ms)
			ReleaseScriptingObjects (0ms)
			CreateAndSetChildDomain (45ms)
		EndReloadAssembly (1355ms)
			LoadAssemblies (143ms)
			RebuildTransferFunctionScriptingTraits (0ms)
			SetupTypeCache (367ms)
			ReleaseScriptCaches (3ms)
			RebuildScriptCaches (84ms)
			SetupLoadedEditorAssemblies (650ms)
				LogAssemblyErrors (0ms)
				InitializePlatformSupportModulesInManaged (9ms)
				SetLoadedEditorAssemblies (1ms)
				RefreshPlugins (1ms)
				BeforeProcessingInitializeOnLoad (128ms)
				ProcessInitializeOnLoadAttributes (383ms)
				ProcessInitializeOnLoadMethodAttributes (114ms)
				AfterProcessingInitializeOnLoad (12ms)
				EditorAssembliesLoaded (0ms)
			ExecutionOrderSort2 (0ms)
			AwakeInstancesAfterBackupRestoration (24ms)
Platform modules already initialized, skipping
Refreshing native plugins compatible for Editor in 3.90 ms, found 3 plugins.
Preloading 0 native plugins for Editor in 0.00 ms.
Unloading 5097 Unused Serialized files (Serialized files now loaded: 0)
Unloading 38 unused Assets / (2.0 MB). Loaded Objects now: 5870.
Memory consumption went from 216.3 MB to 214.3 MB.
Total: 7.074300 ms (FindLiveObjects: 0.656800 ms CreateObjectMapping: 0.370400 ms MarkObjects: 5.156200 ms  DeleteObjects: 0.889600 ms)

AssetImportParameters requested are different than current active one (requested -> active):
  custom:video-decoder-ogg-theora: a1e56fd34408186e4bbccfd4996cb3dc -> 
  custom:container-muxer-webm: aa71ff27fc2769a1b78a27578f13a17b -> 
  custom:container-demuxer-webm: 4f35f7cbe854078d1ac9338744f61a02 -> 
  custom:video-encoder-webm-vp8: eb34c28f22e8b96e1ab97ce403110664 -> 
  custom:audio-encoder-webm-vorbis: bf7c407c2cedff20999df2af8eb42d56 -> 
  custom:framework-win-MediaFoundation: 216162199b28c13a410421893ffa2e32 -> 
  custom:container-demuxer-ogg: 62fdf1f143b41e24485cea50d1cbac27 -> 
  custom:video-decoder-webm-vp8: 9c59270c3fd7afecdb556c50c9e8de78 -> 
  custom:audio-decoder-ogg-vorbis: bf7c407c2cedff20999df2af8eb42d56 -> 
========================================================================
Received Import Request.
  Time since last request: 1129.351203 seconds.
  path: Assets/4_Resources/moon/moon_mask.png
  artifactKey: Guid(1b086c3786614c0498b8d10d105d078b) Importer(815301076,1909f56bfc062723c751e8b465ee728b)
Start importing Assets/4_Resources/moon/moon_mask.png using Guid(1b086c3786614c0498b8d10d105d078b) Importer(815301076,1909f56bfc062723c751e8b465ee728b)  -> (artifact id: '070c714f714b301a9166af84874922e6') in 0.122608 seconds 
========================================================================
Received Import Request.
  Time since last request: 0.000039 seconds.
  path: Assets/4_Resources/moon/moon_Material.004_MetallicSmoothness.png
  artifactKey: Guid(8804c8a58a8da1d44bc03ecd2cd23ea8) Importer(815301076,1909f56bfc062723c751e8b465ee728b)
Start importing Assets/4_Resources/moon/moon_Material.004_MetallicSmoothness.png using Guid(8804c8a58a8da1d44bc03ecd2cd23ea8) Importer(815301076,1909f56bfc062723c751e8b465ee728b)  -> (artifact id: 'd05b7d30ad403ed15da56a8ed08d1976') in 0.034332 seconds 
========================================================================
Received Import Request.
  Time since last request: 0.000043 seconds.
  path: Assets/4_Resources/moon/moon_Material.004_Emission.png
  artifactKey: Guid(02bb0d76a6441c64488118245f4d72ca) Importer(815301076,1909f56bfc062723c751e8b465ee728b)
Start importing Assets/4_Resources/moon/moon_Material.004_Emission.png using Guid(02bb0d76a6441c64488118245f4d72ca) Importer(815301076,1909f56bfc062723c751e8b465ee728b)  -> (artifact id: '5313917b788fb72a5ba437abb71d7997') in 0.026390 seconds 
========================================================================
Received Import Request.
  Time since last request: 0.000025 seconds.
  path: Assets/4_Resources/moon/moon_Material.004_Normal.png
  artifactKey: Guid(aef83a97d659c7546b65feee9d448b65) Importer(815301076,1909f56bfc062723c751e8b465ee728b)
Start importing Assets/4_Resources/moon/moon_Material.004_Normal.png using Guid(aef83a97d659c7546b65feee9d448b65) Importer(815301076,1909f56bfc062723c751e8b465ee728b)  -> (artifact id: '0fe456a66452201bef8020a8c0f24f3d') in 0.038187 seconds 
========================================================================
Received Import Request.
  Time since last request: 0.000021 seconds.
  path: Assets/4_Resources/moon/moon_Material.004_AlbedoTransparency.png
  artifactKey: Guid(a923010d0d1eeee4eab92759a7d9ec61) Importer(815301076,1909f56bfc062723c751e8b465ee728b)
Start importing Assets/4_Resources/moon/moon_Material.004_AlbedoTransparency.png using Guid(a923010d0d1eeee4eab92759a7d9ec61) Importer(815301076,1909f56bfc062723c751e8b465ee728b)  -> (artifact id: 'a00b5937081b7b50cc83538240d93faf') in 0.025249 seconds 
========================================================================
Received Import Request.
  Time since last request: 9.466833 seconds.
  path: Assets/Materials/bg2.mat
  artifactKey: Guid(caddb01e553e2934395035cdb2a7684d) Importer(815301076,1909f56bfc062723c751e8b465ee728b)
Start importing Assets/Materials/bg2.mat using Guid(caddb01e553e2934395035cdb2a7684d) Importer(815301076,1909f56bfc062723c751e8b465ee728b)  -> (artifact id: 'e4dcad679d5cee261162b86ef2b6e878') in 0.261308 seconds 
========================================================================
Received Import Request.
  Time since last request: 0.000037 seconds.
  path: Assets/Materials/MT_Rabi.mat
  artifactKey: Guid(4178036d7b4db0f4896ad11a259fa385) Importer(815301076,1909f56bfc062723c751e8b465ee728b)
Start importing Assets/Materials/MT_Rabi.mat using Guid(4178036d7b4db0f4896ad11a259fa385) Importer(815301076,1909f56bfc062723c751e8b465ee728b)  -> (artifact id: 'dbea23bf0a847437574e0c7220c0066f') in 0.987682 seconds 
========================================================================
Received Import Request.
  Time since last request: 0.000031 seconds.
  path: Assets/Materials/Mat_floor.mat
  artifactKey: Guid(36869f21390ac29438226d64b91d8447) Importer(815301076,1909f56bfc062723c751e8b465ee728b)
Start importing Assets/Materials/Mat_floor.mat using Guid(36869f21390ac29438226d64b91d8447) Importer(815301076,1909f56bfc062723c751e8b465ee728b)  -> (artifact id: '1166ea50cd0b79e5f993b17b45644bce') in 0.605886 seconds 
========================================================================
Received Import Request.
  Time since last request: 0.000029 seconds.
  path: Assets/Materials/Mat_Lamp.mat
  artifactKey: Guid(b877a296304435a4383d11d786d3f508) Importer(815301076,1909f56bfc062723c751e8b465ee728b)
Start importing Assets/Materials/Mat_Lamp.mat using Guid(b877a296304435a4383d11d786d3f508) Importer(815301076,1909f56bfc062723c751e8b465ee728b)  -> (artifact id: '8c445e9a609f12e432284b909265e493') in 0.070040 seconds 
========================================================================
Received Import Request.
  Time since last request: 16.256080 seconds.
  path: Assets/4_Resources/stage1_object/stage_1_floor/material/1_floor_map_DefaultMaterial_AlbedoTransparency.png
  artifactKey: Guid(a47a7b83aa065414ca674a37e2b4cfcc) Importer(815301076,1909f56bfc062723c751e8b465ee728b)
Start importing Assets/4_Resources/stage1_object/stage_1_floor/material/1_floor_map_DefaultMaterial_AlbedoTransparency.png using Guid(a47a7b83aa065414ca674a37e2b4cfcc) Importer(815301076,1909f56bfc062723c751e8b465ee728b)  -> (artifact id: '8051c0832a6b7fb9d2822c345fd6d966') in 0.022094 seconds 
========================================================================
Received Import Request.
  Time since last request: 0.000031 seconds.
  path: Assets/4_Resources/stage1_object/stage_1_floor/material/1_floor_map_DefaultMaterial_MetallicSmoothness.png
  artifactKey: Guid(fa6495bcf879aab4fb8e5cc4bab7c661) Importer(815301076,1909f56bfc062723c751e8b465ee728b)
Start importing Assets/4_Resources/stage1_object/stage_1_floor/material/1_floor_map_DefaultMaterial_MetallicSmoothness.png using Guid(fa6495bcf879aab4fb8e5cc4bab7c661) Importer(815301076,1909f56bfc062723c751e8b465ee728b)  -> (artifact id: '57432124c0565002c537a369a5771dcb') in 0.030628 seconds 
========================================================================
Received Import Request.
  Time since last request: 0.000024 seconds.
  path: Assets/4_Resources/stage1_object/floor/material/1_floor_map_DefaultMaterial_Normal.png
  artifactKey: Guid(9653c5074b1e72048af39d1da60ea836) Importer(815301076,1909f56bfc062723c751e8b465ee728b)
Start importing Assets/4_Resources/stage1_object/floor/material/1_floor_map_DefaultMaterial_Normal.png using Guid(9653c5074b1e72048af39d1da60ea836) Importer(815301076,1909f56bfc062723c751e8b465ee728b)  -> (artifact id: '1c41663b0836abef86e958730547a4c0') in 0.056526 seconds 
========================================================================
Received Import Request.
  Time since last request: 2.386955 seconds.
  path: Assets/4_Resources/Playercharacter/rabi_Texture/Moonlightcity_Playercharacter_low_rabi_MetallicSmoothness.png
  artifactKey: Guid(3c89f15debdcf524ea13fd7d570e1b94) Importer(815301076,1909f56bfc062723c751e8b465ee728b)
Start importing Assets/4_Resources/Playercharacter/rabi_Texture/Moonlightcity_Playercharacter_low_rabi_MetallicSmoothness.png using Guid(3c89f15debdcf524ea13fd7d570e1b94) Importer(815301076,1909f56bfc062723c751e8b465ee728b)  -> (artifact id: '99837cca887c369a9957ec62e935532d') in 0.022162 seconds 
========================================================================
Received Import Request.
  Time since last request: 0.000046 seconds.
  path: Assets/4_Resources/Playercharacter/rabi_Texture/Moonlightcity_Playercharacter_low_rabi_Normal.png
  artifactKey: Guid(1e404590a3971ea43943dfde8c4f6bf2) Importer(815301076,1909f56bfc062723c751e8b465ee728b)
Start importing Assets/4_Resources/Playercharacter/rabi_Texture/Moonlightcity_Playercharacter_low_rabi_Normal.png using Guid(1e404590a3971ea43943dfde8c4f6bf2) Importer(815301076,1909f56bfc062723c751e8b465ee728b)  -> (artifact id: '013dcb54d2dd78fc3821b7d827de52e1') in 0.021333 seconds 
========================================================================
Received Import Request.
  Time since last request: 15.180026 seconds.
  path: Assets/JS/Sherbbs Particle Collection/Textures/MediumCircleMask.png
  artifactKey: Guid(37b6eb5a28f100f489ea7e7a1555b76a) Importer(815301076,1909f56bfc062723c751e8b465ee728b)
Start importing Assets/JS/Sherbbs Particle Collection/Textures/MediumCircleMask.png using Guid(37b6eb5a28f100f489ea7e7a1555b76a) Importer(815301076,1909f56bfc062723c751e8b465ee728b)  -> (artifact id: '0176b57fea71cd176b3ac35cf41c84b9') in 0.032738 seconds 
========================================================================
Received Import Request.
  Time since last request: 6.802074 seconds.
  path: Packages/com.unity.collab-proxy/Editor/PlasticSCM/Assets/Images/ok.png
  artifactKey: Guid(3238dca1e9ea9fb4aa64b28298ba6dbd) Importer(815301076,1909f56bfc062723c751e8b465ee728b)
Start importing Packages/com.unity.collab-proxy/Editor/PlasticSCM/Assets/Images/ok.png using Guid(3238dca1e9ea9fb4aa64b28298ba6dbd) Importer(815301076,1909f56bfc062723c751e8b465ee728b)  -> (artifact id: 'b4b5339dbd53a7843bcb529a1ec15cec') in 0.022647 seconds 
========================================================================
Received Import Request.
  Time since last request: 440.109830 seconds.
  path: Packages/com.unity.cinemachine/Editor/EditorResources/PostProcessLayer.png
  artifactKey: Guid(ba6fb66d108240a4a98dea11660dc646) Importer(815301076,1909f56bfc062723c751e8b465ee728b)
Start importing Packages/com.unity.cinemachine/Editor/EditorResources/PostProcessLayer.png using Guid(ba6fb66d108240a4a98dea11660dc646) Importer(815301076,1909f56bfc062723c751e8b465ee728b)  -> (artifact id: 'c986644359d65151948336d68011f830') in 0.046056 seconds 
========================================================================
Received Import Request.
  Time since last request: 5.010042 seconds.
  path: Assets/JS/Sherbbs Particle Collection/Textures/White Circle Mask.png
  artifactKey: Guid(fdb692cd7a6d70845a3501f947955dc0) Importer(815301076,1909f56bfc062723c751e8b465ee728b)
Start importing Assets/JS/Sherbbs Particle Collection/Textures/White Circle Mask.png using Guid(fdb692cd7a6d70845a3501f947955dc0) Importer(815301076,1909f56bfc062723c751e8b465ee728b)  -> (artifact id: 'cf207753c2d830fe102329723a556754') in 0.030377 seconds 
========================================================================
Received Import Request.
  Time since last request: 0.118180 seconds.
  path: Assets/4_Resources/stage2_object/windoor/material/untitled_DefaultMaterial_MetallicSmoothness.png
  artifactKey: Guid(20a2d1ae125000d4593af8c0ac4e1900) Importer(815301076,1909f56bfc062723c751e8b465ee728b)
Start importing Assets/4_Resources/stage2_object/windoor/material/untitled_DefaultMaterial_MetallicSmoothness.png using Guid(20a2d1ae125000d4593af8c0ac4e1900) Importer(815301076,1909f56bfc062723c751e8b465ee728b)  -> (artifact id: 'fe4df98be22950a3299fc59568dc73a8') in 0.023274 seconds 
========================================================================
Received Import Request.
  Time since last request: 0.000069 seconds.
  path: Assets/4_Resources/stage2_object/windoor/material/emi/untitled_DefaultMaterial_MetallicSmoothness.png
  artifactKey: Guid(a43541698f5bd6949b3070922dc9eaa5) Importer(815301076,1909f56bfc062723c751e8b465ee728b)
Start importing Assets/4_Resources/stage2_object/windoor/material/emi/untitled_DefaultMaterial_MetallicSmoothness.png using Guid(a43541698f5bd6949b3070922dc9eaa5) Importer(815301076,1909f56bfc062723c751e8b465ee728b)  -> (artifact id: '6efcc291e5b1f66658d62a5e5714a88c') in 0.019188 seconds 
========================================================================
Received Import Request.
  Time since last request: 0.684006 seconds.
  path: Assets/unity-chan!/Unity-chan! Model/Art/Stage/Textures/unitychan_tile6.png
  artifactKey: Guid(44c03eb9b0d2ef34b9e7a60eec7f1b1d) Importer(815301076,1909f56bfc062723c751e8b465ee728b)
Start importing Assets/unity-chan!/Unity-chan! Model/Art/Stage/Textures/unitychan_tile6.png using Guid(44c03eb9b0d2ef34b9e7a60eec7f1b1d) Importer(815301076,1909f56bfc062723c751e8b465ee728b)  -> (artifact id: 'fa4063a8ca3bf531cf51e75e8a2e12a1') in 0.027316 seconds 
========================================================================
Received Import Request.
  Time since last request: 0.000042 seconds.
  path: Assets/4_Resources/stage2_object/windoor/material/untitled_DefaultMaterial_AlbedoTransparency.png
  artifactKey: Guid(b9fc51771eeac224c87ba6f3d762adfb) Importer(815301076,1909f56bfc062723c751e8b465ee728b)
Start importing Assets/4_Resources/stage2_object/windoor/material/untitled_DefaultMaterial_AlbedoTransparency.png using Guid(b9fc51771eeac224c87ba6f3d762adfb) Importer(815301076,1909f56bfc062723c751e8b465ee728b)  -> (artifact id: '0ac4775bf23796ede89b16834cc1586d') in 0.043940 seconds 
========================================================================
Received Import Request.
  Time since last request: 0.000043 seconds.
  path: Assets/4_Resources/stage2_object/windoor/material/untitled_DefaultMaterial_Emission.png
  artifactKey: Guid(2d9e45b656841ae478425968e5f23fbd) Importer(815301076,1909f56bfc062723c751e8b465ee728b)
Start importing Assets/4_Resources/stage2_object/windoor/material/untitled_DefaultMaterial_Emission.png using Guid(2d9e45b656841ae478425968e5f23fbd) Importer(815301076,1909f56bfc062723c751e8b465ee728b)  -> (artifact id: '32d4da94d5cf2ed13c865316513704f1') in 0.011337 seconds 
========================================================================
Received Import Request.
  Time since last request: 0.327498 seconds.
  path: Packages/com.unity.timeline/Editor/StyleSheets/Images/DarkSkin/TimelineMarkerItemCollapsed.png
  artifactKey: Guid(f179d9a3cccffb04ba2e27f681e9b147) Importer(815301076,1909f56bfc062723c751e8b465ee728b)
Start importing Packages/com.unity.timeline/Editor/StyleSheets/Images/DarkSkin/TimelineMarkerItemCollapsed.png using Guid(f179d9a3cccffb04ba2e27f681e9b147) Importer(815301076,1909f56bfc062723c751e8b465ee728b)  -> (artifact id: 'c08a5714f22490a2120ad697eb3ea7cb') in 0.037583 seconds 
========================================================================
Received Import Request.
  Time since last request: 0.000048 seconds.
  path: Packages/com.unity.timeline/Editor/StyleSheets/Images/DarkSkin/TimelineTimeCursor.png
  artifactKey: Guid(3b9e9b3d9ade166499e7a17109ca73bf) Importer(815301076,1909f56bfc062723c751e8b465ee728b)
Start importing Packages/com.unity.timeline/Editor/StyleSheets/Images/DarkSkin/TimelineTimeCursor.png using Guid(3b9e9b3d9ade166499e7a17109ca73bf) Importer(815301076,1909f56bfc062723c751e8b465ee728b)  -> (artifact id: 'b3486cbee7e487dace26c3e488993129') in 0.016547 seconds 
========================================================================
Received Import Request.
  Time since last request: 0.000042 seconds.
  path: Packages/com.unity.timeline/Editor/StyleSheets/Images/DarkSkin/TimelineMarkerItemSelected.png
  artifactKey: Guid(3dd65256ca8837544b3e738c0d3ee0e2) Importer(815301076,1909f56bfc062723c751e8b465ee728b)
Start importing Packages/com.unity.timeline/Editor/StyleSheets/Images/DarkSkin/TimelineMarkerItemSelected.png using Guid(3dd65256ca8837544b3e738c0d3ee0e2) Importer(815301076,1909f56bfc062723c751e8b465ee728b)  -> (artifact id: 'e94e199af40ab5d06383cf18e8aa5dfa') in 0.023353 seconds 
========================================================================
Received Import Request.
  Time since last request: 0.000035 seconds.
  path: Assets/4_Resources/stage1_object/stage_1_obj/tree/map_DefaultMaterial_AlbedoTransparency.png
  artifactKey: Guid(fde84000a47da934b8133a6fe209020e) Importer(815301076,1909f56bfc062723c751e8b465ee728b)
Start importing Assets/4_Resources/stage1_object/stage_1_obj/tree/map_DefaultMaterial_AlbedoTransparency.png using Guid(fde84000a47da934b8133a6fe209020e) Importer(815301076,1909f56bfc062723c751e8b465ee728b)  -> (artifact id: 'b47e00af324a90ca06944182a9c6d926') in 0.026136 seconds 
========================================================================
Received Import Request.
  Time since last request: 0.000036 seconds.
  path: Packages/com.unity.collab-proxy/Editor/PlasticSCM/Assets/Images/loading.png
  artifactKey: Guid(c6b1bcaa3f4767141acd747384dbb276) Importer(815301076,1909f56bfc062723c751e8b465ee728b)
Start importing Packages/com.unity.collab-proxy/Editor/PlasticSCM/Assets/Images/loading.png using Guid(c6b1bcaa3f4767141acd747384dbb276) Importer(815301076,1909f56bfc062723c751e8b465ee728b)  -> (artifact id: '9ce3974eb56b95167f4df1a50a370f1a') in 0.021585 seconds 
========================================================================
Received Import Request.
  Time since last request: 0.000044 seconds.
  path: Packages/com.unity.timeline/Editor/StyleSheets/Images/DarkSkin/TimelineContinue.png
  artifactKey: Guid(f747f9cdf03f2ff418fe728a77e8cbef) Importer(815301076,1909f56bfc062723c751e8b465ee728b)
Start importing Packages/com.unity.timeline/Editor/StyleSheets/Images/DarkSkin/TimelineContinue.png using Guid(f747f9cdf03f2ff418fe728a77e8cbef) Importer(815301076,1909f56bfc062723c751e8b465ee728b)  -> (artifact id: '0b315dcbcb13b8e1d32b61ea1fd29648') in 0.019789 seconds 
========================================================================
Received Import Request.
  Time since last request: 0.000031 seconds.
  path: Packages/com.unity.collab-proxy/Editor/PlasticSCM/Assets/Images/iconlockedlocaloverlay@2x.png
  artifactKey: Guid(b528c1b33a65cf94ea74f830b54c9acb) Importer(815301076,1909f56bfc062723c751e8b465ee728b)
Start importing Packages/com.unity.collab-proxy/Editor/PlasticSCM/Assets/Images/iconlockedlocaloverlay@2x.png using Guid(b528c1b33a65cf94ea74f830b54c9acb) Importer(815301076,1909f56bfc062723c751e8b465ee728b)  -> (artifact id: 'e12da58435f980318c296761372a0ced') in 0.017829 seconds 
========================================================================
Received Import Request.
  Time since last request: 0.000023 seconds.
  path: Packages/com.unity.timeline/Editor/StyleSheets/Images/DarkSkin/TimelineAutokey_active@2x.png
  artifactKey: Guid(183f7b7549219ab47becb461a16df882) Importer(815301076,1909f56bfc062723c751e8b465ee728b)
Start importing Packages/com.unity.timeline/Editor/StyleSheets/Images/DarkSkin/TimelineAutokey_active@2x.png using Guid(183f7b7549219ab47becb461a16df882) Importer(815301076,1909f56bfc062723c751e8b465ee728b)  -> (artifact id: '39588497f32d7f64b2b9553e21ec18f5') in 0.021185 seconds 
========================================================================
Received Import Request.
  Time since last request: 0.000032 seconds.
  path: Packages/com.unity.postprocessing/PostProcessing/Textures/BlueNoise64px/LDR_LLL1_22.png
  artifactKey: Guid(df01d03f056c6f445b4b8a0ae054207c) Importer(815301076,1909f56bfc062723c751e8b465ee728b)
Start importing Packages/com.unity.postprocessing/PostProcessing/Textures/BlueNoise64px/LDR_LLL1_22.png using Guid(df01d03f056c6f445b4b8a0ae054207c) Importer(815301076,1909f56bfc062723c751e8b465ee728b)  -> (artifact id: '71ae793dedabc4011c275bf77eac2fd1') in 0.024412 seconds 
========================================================================
Received Import Request.
  Time since last request: 0.000027 seconds.
  path: Packages/com.unity.postprocessing/PostProcessing/Textures/BlueNoise64px/LDR_LLL1_19.png
  artifactKey: Guid(729a3ae164bcb3b4380459386adcf331) Importer(815301076,1909f56bfc062723c751e8b465ee728b)
Start importing Packages/com.unity.postprocessing/PostProcessing/Textures/BlueNoise64px/LDR_LLL1_19.png using Guid(729a3ae164bcb3b4380459386adcf331) Importer(815301076,1909f56bfc062723c751e8b465ee728b)  -> (artifact id: 'b430ffeb7d92e65771b23daa7f574910') in 0.021787 seconds 
========================================================================
Received Import Request.
  Time since last request: 0.000023 seconds.
  path: Packages/com.unity.timeline/Editor/StyleSheets/Images/Icons/d_TrackRecordButtonEnabled@2x.png
  artifactKey: Guid(0f1c9a12872a30f45bab34f536332bb3) Importer(815301076,1909f56bfc062723c751e8b465ee728b)
Start importing Packages/com.unity.timeline/Editor/StyleSheets/Images/Icons/d_TrackRecordButtonEnabled@2x.png using Guid(0f1c9a12872a30f45bab34f536332bb3) Importer(815301076,1909f56bfc062723c751e8b465ee728b)  -> (artifact id: '2ded1c686c1fd0a31fb9df1a1f9cbab2') in 0.020216 seconds 
========================================================================
Received Import Request.
  Time since last request: 0.000027 seconds.
  path: Packages/com.unity.collab-proxy/Editor/PlasticSCM/Assets/Images/d_iconundo.png
  artifactKey: Guid(691dc543ff5b9ca44bf846657ba04161) Importer(815301076,1909f56bfc062723c751e8b465ee728b)
Start importing Packages/com.unity.collab-proxy/Editor/PlasticSCM/Assets/Images/d_iconundo.png using Guid(691dc543ff5b9ca44bf846657ba04161) Importer(815301076,1909f56bfc062723c751e8b465ee728b)  -> (artifact id: '0e19b1be9bb93f2469610306a4bc7baa') in 0.022083 seconds 
========================================================================
Received Import Request.
  Time since last request: 0.000053 seconds.
  path: Assets/4_Resources/stage1_object/stage_1_obj/tree/map_DefaultMaterial_MetallicSmoothness.png
  artifactKey: Guid(bd5e1893e1d9a3e4c9d8bd410b3e1c79) Importer(815301076,1909f56bfc062723c751e8b465ee728b)
Start importing Assets/4_Resources/stage1_object/stage_1_obj/tree/map_DefaultMaterial_MetallicSmoothness.png using Guid(bd5e1893e1d9a3e4c9d8bd410b3e1c79) Importer(815301076,1909f56bfc062723c751e8b465ee728b)  -> (artifact id: 'f8559c6674a8aefc3440b1bd939f529d') in 0.019211 seconds 
========================================================================
Received Import Request.
  Time since last request: 0.000036 seconds.
  path: Packages/com.unity.timeline/Editor/StyleSheets/Images/Icons/TrackAvatarButtonDisabled@2x.png
  artifactKey: Guid(7c05578092876a0458b8b480269aef86) Importer(815301076,1909f56bfc062723c751e8b465ee728b)
Start importing Packages/com.unity.timeline/Editor/StyleSheets/Images/Icons/TrackAvatarButtonDisabled@2x.png using Guid(7c05578092876a0458b8b480269aef86) Importer(815301076,1909f56bfc062723c751e8b465ee728b)  -> (artifact id: 'ce7037436ead7650361cf858e643d6d1') in 0.014836 seconds 
========================================================================
Received Import Request.
  Time since last request: 0.000044 seconds.
  path: Packages/com.unity.collab-proxy/Editor/PlasticSCM/Assets/Images/icondeletedremoteoverlay@2x.png
  artifactKey: Guid(d5c3277b1dbad9448b46c2ec87a2cef8) Importer(815301076,1909f56bfc062723c751e8b465ee728b)
Start importing Packages/com.unity.collab-proxy/Editor/PlasticSCM/Assets/Images/icondeletedremoteoverlay@2x.png using Guid(d5c3277b1dbad9448b46c2ec87a2cef8) Importer(815301076,1909f56bfc062723c751e8b465ee728b)  -> (artifact id: 'f71c3f45ee9209086a74df55392fbe7b') in 0.017571 seconds 
========================================================================
Received Import Request.
  Time since last request: 0.000044 seconds.
  path: Assets/unity-chan!/Unity-chan! Model/Documentation/UnityChanLicense2.0/License Logo/LUUL_LOGO_rules02.psd
  artifactKey: Guid(1eb90fd0241a89b4781850606634ede3) Importer(815301076,1909f56bfc062723c751e8b465ee728b)
Start importing Assets/unity-chan!/Unity-chan! Model/Documentation/UnityChanLicense2.0/License Logo/LUUL_LOGO_rules02.psd using Guid(1eb90fd0241a89b4781850606634ede3) Importer(815301076,1909f56bfc062723c751e8b465ee728b)  -> (artifact id: 'f8dc96179a07b59ba5e5ef14ff7429d8') in 0.024958 seconds 
========================================================================
Received Import Request.
  Time since last request: 0.000027 seconds.
  path: Packages/com.unity.timeline/Editor/StyleSheets/Images/Shared/Timeline-Marker-Multi-Overlay.png
  artifactKey: Guid(75f26f1c549568c4e9950a368bd08cb8) Importer(815301076,1909f56bfc062723c751e8b465ee728b)
Start importing Packages/com.unity.timeline/Editor/StyleSheets/Images/Shared/Timeline-Marker-Multi-Overlay.png using Guid(75f26f1c549568c4e9950a368bd08cb8) Importer(815301076,1909f56bfc062723c751e8b465ee728b)  -> (artifact id: '1dd18bd16d77587e4cb5ee2b7a9dddb6') in 0.016025 seconds 
========================================================================
Received Import Request.
  Time since last request: 0.000023 seconds.
  path: Packages/com.unity.postprocessing/PostProcessing/Textures/BlueNoise64px/LDR_LLL1_16.png
  artifactKey: Guid(153f7d6dfbe713d4884df0f1e243ba92) Importer(815301076,1909f56bfc062723c751e8b465ee728b)
Start importing Packages/com.unity.postprocessing/PostProcessing/Textures/BlueNoise64px/LDR_LLL1_16.png using Guid(153f7d6dfbe713d4884df0f1e243ba92) Importer(815301076,1909f56bfc062723c751e8b465ee728b)  -> (artifact id: '43114321c47946c9419bde3b4e5f8a06') in 0.017704 seconds 
========================================================================
Received Import Request.
  Time since last request: 0.000028 seconds.
  path: Packages/com.unity.timeline/Editor/StyleSheets/Images/Icons/d_TrackRecordButtonDisabled@2x.png
  artifactKey: Guid(db15c78579dee4a4db85f392634c8ecc) Importer(815301076,1909f56bfc062723c751e8b465ee728b)
Start importing Packages/com.unity.timeline/Editor/StyleSheets/Images/Icons/d_TrackRecordButtonDisabled@2x.png using Guid(db15c78579dee4a4db85f392634c8ecc) Importer(815301076,1909f56bfc062723c751e8b465ee728b)  -> (artifact id: 'c66ce2a08f0b91a06f3d441935b14603') in 0.015573 seconds 
========================================================================
Received Import Request.
  Time since last request: 0.000023 seconds.
  path: Packages/com.unity.timeline/Editor/StyleSheets/Images/LightSkin/TimelineAutokey_active@2x.png
  artifactKey: Guid(f6717d61970edba4686c297677881a77) Importer(815301076,1909f56bfc062723c751e8b465ee728b)
Start importing Packages/com.unity.timeline/Editor/StyleSheets/Images/LightSkin/TimelineAutokey_active@2x.png using Guid(f6717d61970edba4686c297677881a77) Importer(815301076,1909f56bfc062723c751e8b465ee728b)  -> (artifact id: 'd0dd77b93034139e89743fbadf26c5c2') in 0.016448 seconds 
========================================================================
Received Import Request.
  Time since last request: 0.000025 seconds.
  path: Packages/com.unity.timeline/Editor/StyleSheets/Images/Icons/TimelineCollapseMarkerButtonDisabled.png
  artifactKey: Guid(b80d5b6acdfbc114b9efab6295fd96c1) Importer(815301076,1909f56bfc062723c751e8b465ee728b)
Start importing Packages/com.unity.timeline/Editor/StyleSheets/Images/Icons/TimelineCollapseMarkerButtonDisabled.png using Guid(b80d5b6acdfbc114b9efab6295fd96c1) Importer(815301076,1909f56bfc062723c751e8b465ee728b)  -> (artifact id: '8bd572086ca8b03802cd7ee27e71bfe0') in 0.016627 seconds 
========================================================================
Received Import Request.
  Time since last request: 0.000045 seconds.
  path: Packages/com.unity.postprocessing/PostProcessing/Textures/BlueNoise64px/LDR_LLL1_18.png
  artifactKey: Guid(74aca53eb7273624baffc2bf5e5cc173) Importer(815301076,1909f56bfc062723c751e8b465ee728b)
Start importing Packages/com.unity.postprocessing/PostProcessing/Textures/BlueNoise64px/LDR_LLL1_18.png using Guid(74aca53eb7273624baffc2bf5e5cc173) Importer(815301076,1909f56bfc062723c751e8b465ee728b)  -> (artifact id: '8fadab57ec3952d5e2bcdb98e4505a89') in 0.016481 seconds 
========================================================================
Received Import Request.
  Time since last request: 0.000031 seconds.
  path: Assets/4_Resources/stage1_object/stage_1_obj/trees/tree/map_DefaultMaterial_MetallicSmoothness.png
  artifactKey: Guid(6c2fe6188a434054f85a5869bb1b2a23) Importer(815301076,1909f56bfc062723c751e8b465ee728b)
Start importing Assets/4_Resources/stage1_object/stage_1_obj/trees/tree/map_DefaultMaterial_MetallicSmoothness.png using Guid(6c2fe6188a434054f85a5869bb1b2a23) Importer(815301076,1909f56bfc062723c751e8b465ee728b)  -> (artifact id: 'c3527e6b6f244ac887b350031090c642') in 0.014462 seconds 
========================================================================
Received Import Request.
  Time since last request: 0.000021 seconds.
  path: Packages/com.unity.collab-proxy/Editor/PlasticSCM/Assets/Images/d_iconplasticview@2x.png
  artifactKey: Guid(3168140d6f409d0448447f18568d9482) Importer(815301076,1909f56bfc062723c751e8b465ee728b)
Start importing Packages/com.unity.collab-proxy/Editor/PlasticSCM/Assets/Images/d_iconplasticview@2x.png using Guid(3168140d6f409d0448447f18568d9482) Importer(815301076,1909f56bfc062723c751e8b465ee728b)  -> (artifact id: 'f469caad02bbbac9dfe85d0089bcc8ef') in 0.017501 seconds 
========================================================================
Received Import Request.
  Time since last request: 0.000027 seconds.
  path: Assets/4_Resources/font/EF_Diary SDF.asset
  artifactKey: Guid(0ff10ae9d2f6f3342aba55e04f3d42ac) Importer(815301076,1909f56bfc062723c751e8b465ee728b)
Start importing Assets/4_Resources/font/EF_Diary SDF.asset using Guid(0ff10ae9d2f6f3342aba55e04f3d42ac) Importer(815301076,1909f56bfc062723c751e8b465ee728b)  -> (artifact id: '6ca09eac371c54e370b2a50d47b7e9e4') in 0.168342 seconds 
========================================================================
Received Import Request.
  Time since last request: 0.000030 seconds.
  path: Packages/com.unity.timeline/Editor/StyleSheets/Images/LightSkin/TimelineSignalCollapsed.png
  artifactKey: Guid(a88fa20ed164bbe4da6bf533f94a3113) Importer(815301076,1909f56bfc062723c751e8b465ee728b)
Start importing Packages/com.unity.timeline/Editor/StyleSheets/Images/LightSkin/TimelineSignalCollapsed.png using Guid(a88fa20ed164bbe4da6bf533f94a3113) Importer(815301076,1909f56bfc062723c751e8b465ee728b)  -> (artifact id: 'df2d2bc787a486af4ea4efc9ed94db00') in 0.016416 seconds 
========================================================================
Received Import Request.
  Time since last request: 0.000038 seconds.
  path: Packages/com.unity.postprocessing/PostProcessing/Textures/BlueNoise64px/LDR_LLL1_24.png
  artifactKey: Guid(32c6a5f7143b86c44bd5cdee2ff3f8ad) Importer(815301076,1909f56bfc062723c751e8b465ee728b)
Start importing Packages/com.unity.postprocessing/PostProcessing/Textures/BlueNoise64px/LDR_LLL1_24.png using Guid(32c6a5f7143b86c44bd5cdee2ff3f8ad) Importer(815301076,1909f56bfc062723c751e8b465ee728b)  -> (artifact id: '26fb5f02c5c8777b2568c92aeb09a319') in 0.018651 seconds 
========================================================================
Received Import Request.
  Time since last request: 0.000023 seconds.
  path: Packages/com.unity.timeline/Editor/StyleSheets/Images/Icons/TimelineClipBG.png
  artifactKey: Guid(d44fc8b11425e0043aa7c20a301ce707) Importer(815301076,1909f56bfc062723c751e8b465ee728b)
Start importing Packages/com.unity.timeline/Editor/StyleSheets/Images/Icons/TimelineClipBG.png using Guid(d44fc8b11425e0043aa7c20a301ce707) Importer(815301076,1909f56bfc062723c751e8b465ee728b)  -> (artifact id: 'cc8686416b4b167873d324413fc54849') in 0.012939 seconds 
========================================================================
Received Import Request.
  Time since last request: 0.000037 seconds.
  path: Packages/com.unity.timeline/Editor/StyleSheets/Images/Icons/d_TrackRecordButtonEnabled.png
  artifactKey: Guid(0e5ba0f04df278944a8f5a62f64f5aa6) Importer(815301076,1909f56bfc062723c751e8b465ee728b)
Start importing Packages/com.unity.timeline/Editor/StyleSheets/Images/Icons/d_TrackRecordButtonEnabled.png using Guid(0e5ba0f04df278944a8f5a62f64f5aa6) Importer(815301076,1909f56bfc062723c751e8b465ee728b)  -> (artifact id: '713817a35973e55449123bcc9ebf4ea2') in 0.015175 seconds 
========================================================================
Received Import Request.
  Time since last request: 0.000021 seconds.
  path: Packages/com.unity.collab-proxy/Editor/PlasticSCM/Assets/Images/iconoutofsyncoverlay@2x.png
  artifactKey: Guid(3728580c149181a44b359e89f6edacae) Importer(815301076,1909f56bfc062723c751e8b465ee728b)
Start importing Packages/com.unity.collab-proxy/Editor/PlasticSCM/Assets/Images/iconoutofsyncoverlay@2x.png using Guid(3728580c149181a44b359e89f6edacae) Importer(815301076,1909f56bfc062723c751e8b465ee728b)  -> (artifact id: '7489188ae245f3135d960cfc45fce1a2') in 0.015243 seconds 
========================================================================
Received Import Request.
  Time since last request: 0.000044 seconds.
  path: Packages/com.unity.timeline/Editor/StyleSheets/Images/LightSkin/TimelineAutokey@2x.png
  artifactKey: Guid(cf3fbf98d5c3f1941bd9c0256918a4c8) Importer(815301076,1909f56bfc062723c751e8b465ee728b)
Start importing Packages/com.unity.timeline/Editor/StyleSheets/Images/LightSkin/TimelineAutokey@2x.png using Guid(cf3fbf98d5c3f1941bd9c0256918a4c8) Importer(815301076,1909f56bfc062723c751e8b465ee728b)  -> (artifact id: 'afaa8d82a66e6476f9c92945d47c37e4') in 0.015332 seconds 
========================================================================
Received Import Request.
  Time since last request: 0.000022 seconds.
  path: Assets/unity-chan!/Unity-chan! Model/Documentation/UnityChanLicense2.0/License Logo/Others/jpg/Light_Silhouette.jpg
  artifactKey: Guid(c9231b186ae5e3f40b0e239756ad63e3) Importer(815301076,1909f56bfc062723c751e8b465ee728b)
Start importing Assets/unity-chan!/Unity-chan! Model/Documentation/UnityChanLicense2.0/License Logo/Others/jpg/Light_Silhouette.jpg using Guid(c9231b186ae5e3f40b0e239756ad63e3) Importer(815301076,1909f56bfc062723c751e8b465ee728b)  -> (artifact id: '7392b187587dfe938232f1fe103bc906') in 0.020358 seconds 
========================================================================
Received Import Request.
  Time since last request: 0.000047 seconds.
  path: Packages/com.unity.timeline/Editor/StyleSheets/Images/Shared/TimelineWarning.png
  artifactKey: Guid(1732e542f535d374bbfa7565fc78414e) Importer(815301076,1909f56bfc062723c751e8b465ee728b)
Start importing Packages/com.unity.timeline/Editor/StyleSheets/Images/Shared/TimelineWarning.png using Guid(1732e542f535d374bbfa7565fc78414e) Importer(815301076,1909f56bfc062723c751e8b465ee728b)  -> (artifact id: '91fa3cf76d78ea0a632728d51d8c3b88') in 0.020659 seconds 
========================================================================
Received Import Request.
  Time since last request: 0.000020 seconds.
  path: Assets/4_Resources/stage3_obtect/lamp/material/telephone_pole_map_DefaultMaterial_Normal.png
  artifactKey: Guid(356e32a761f478a4282977f228fbb1c2) Importer(815301076,1909f56bfc062723c751e8b465ee728b)
Start importing Assets/4_Resources/stage3_obtect/lamp/material/telephone_pole_map_DefaultMaterial_Normal.png using Guid(356e32a761f478a4282977f228fbb1c2) Importer(815301076,1909f56bfc062723c751e8b465ee728b)  -> (artifact id: '10f6e8e822a4f51eea624cbf302e6bef') in 0.017521 seconds 
========================================================================
Received Import Request.
  Time since last request: 0.000032 seconds.
  path: Assets/4_Resources/stage1_object/stage_1_obj/building001/map_building001_MetallicSmoothness.png
  artifactKey: Guid(3cf1b4ef4e47af549b0fe1f8a0b6c18e) Importer(815301076,1909f56bfc062723c751e8b465ee728b)
Start importing Assets/4_Resources/stage1_object/stage_1_obj/building001/map_building001_MetallicSmoothness.png using Guid(3cf1b4ef4e47af549b0fe1f8a0b6c18e) Importer(815301076,1909f56bfc062723c751e8b465ee728b)  -> (artifact id: '126adfbe32d6321808d7e48ed641729c') in 0.018991 seconds 
========================================================================
Received Import Request.
  Time since last request: 0.000025 seconds.
  path: Packages/com.unity.collab-proxy/Editor/PlasticSCM/Assets/Images/d_iconplasticnotifyincoming@2x.png
  artifactKey: Guid(c5fc116b3271b5947808130b2212cd60) Importer(815301076,1909f56bfc062723c751e8b465ee728b)
Start importing Packages/com.unity.collab-proxy/Editor/PlasticSCM/Assets/Images/d_iconplasticnotifyincoming@2x.png using Guid(c5fc116b3271b5947808130b2212cd60) Importer(815301076,1909f56bfc062723c751e8b465ee728b)  -> (artifact id: '26ae13d7c5fdb7ea59d2cb41862f0f83') in 0.018091 seconds 
========================================================================
Received Import Request.
  Time since last request: 0.000034 seconds.
  path: Packages/com.unity.timeline/Editor/StyleSheets/Images/LightSkin/TimelineContinue.png
  artifactKey: Guid(61c21f74972ba8246b3ea400a9231841) Importer(815301076,1909f56bfc062723c751e8b465ee728b)
Start importing Packages/com.unity.timeline/Editor/StyleSheets/Images/LightSkin/TimelineContinue.png using Guid(61c21f74972ba8246b3ea400a9231841) Importer(815301076,1909f56bfc062723c751e8b465ee728b)  -> (artifact id: '0ba7a384c258463a51b12cb2e788cc1e') in 0.014851 seconds 
========================================================================
Received Import Request.
  Time since last request: 0.000025 seconds.
  path: Packages/com.unity.textmeshpro/Editor Resources/Gizmos/TMP - Input Field Icon.psd
  artifactKey: Guid(3ee40aa79cd242a5b53b0b0ca4f13f0f) Importer(815301076,1909f56bfc062723c751e8b465ee728b)
Start importing Packages/com.unity.textmeshpro/Editor Resources/Gizmos/TMP - Input Field Icon.psd using Guid(3ee40aa79cd242a5b53b0b0ca4f13f0f) Importer(815301076,1909f56bfc062723c751e8b465ee728b)  -> (artifact id: 'de8ec4a8e9bc837746114d2ba615d0dc') in 0.017128 seconds 
========================================================================
Received Import Request.
  Time since last request: 0.000033 seconds.
  path: Packages/com.unity.timeline/Editor/StyleSheets/Images/LightSkin/TimelineStartPlayback.png
  artifactKey: Guid(824c4beb0ca6c934bbc7a26919302236) Importer(815301076,1909f56bfc062723c751e8b465ee728b)
Start importing Packages/com.unity.timeline/Editor/StyleSheets/Images/LightSkin/TimelineStartPlayback.png using Guid(824c4beb0ca6c934bbc7a26919302236) Importer(815301076,1909f56bfc062723c751e8b465ee728b)  -> (artifact id: '74f520440e876922acd42b0026e026f7') in 0.017485 seconds 
========================================================================
Received Import Request.
  Time since last request: 0.000045 seconds.
  path: Packages/com.unity.collab-proxy/Editor/PlasticSCM/Assets/Images/d_iconprivateoverlay@2x.png
  artifactKey: Guid(7f854f490da24e54f9e8383e446b5d81) Importer(815301076,1909f56bfc062723c751e8b465ee728b)
Start importing Packages/com.unity.collab-proxy/Editor/PlasticSCM/Assets/Images/d_iconprivateoverlay@2x.png using Guid(7f854f490da24e54f9e8383e446b5d81) Importer(815301076,1909f56bfc062723c751e8b465ee728b)  -> (artifact id: '3b13a89f8d07476c87e63363c9ce6ec0') in 0.021369 seconds 
========================================================================
Received Import Request.
  Time since last request: 0.000029 seconds.
  path: Packages/com.unity.collab-proxy/Editor/PlasticSCM/Assets/Images/d_iconplasticnotifyincoming.png
  artifactKey: Guid(f31d2c855644aad4cb2030bce12859f6) Importer(815301076,1909f56bfc062723c751e8b465ee728b)
Start importing Packages/com.unity.collab-proxy/Editor/PlasticSCM/Assets/Images/d_iconplasticnotifyincoming.png using Guid(f31d2c855644aad4cb2030bce12859f6) Importer(815301076,1909f56bfc062723c751e8b465ee728b)  -> (artifact id: '4a0b33505c59960580d38426c56ca409') in 0.018983 seconds 
========================================================================
Received Import Request.
  Time since last request: 0.000028 seconds.
  path: Packages/com.unity.collab-proxy/Editor/PlasticSCM/Assets/Images/iconmoved.png
  artifactKey: Guid(8a6cca56e2b63344eb4769cd92d93ffb) Importer(815301076,1909f56bfc062723c751e8b465ee728b)
Start importing Packages/com.unity.collab-proxy/Editor/PlasticSCM/Assets/Images/iconmoved.png using Guid(8a6cca56e2b63344eb4769cd92d93ffb) Importer(815301076,1909f56bfc062723c751e8b465ee728b)  -> (artifact id: '18ba12c3be42729d6c2106e5a6fe8cb1') in 0.015193 seconds 
========================================================================
Received Import Request.
  Time since last request: 0.000028 seconds.
  path: Assets/4_Resources/stage1_object/stage_1_obj/building001/map_building001_AlbedoTransparency.png
  artifactKey: Guid(852c6fb6108ef6442900b2b48af38e41) Importer(815301076,1909f56bfc062723c751e8b465ee728b)
Start importing Assets/4_Resources/stage1_object/stage_1_obj/building001/map_building001_AlbedoTransparency.png using Guid(852c6fb6108ef6442900b2b48af38e41) Importer(815301076,1909f56bfc062723c751e8b465ee728b)  -> (artifact id: '4080b64f078a91e8328280df2c53cca1') in 0.015096 seconds 
========================================================================
Received Import Request.
  Time since last request: 0.000024 seconds.
  path: Packages/com.unity.collab-proxy/Editor/PlasticSCM/Assets/Images/step3@2x.png
  artifactKey: Guid(36e6970b84831434a9eac79abd03700b) Importer(815301076,1909f56bfc062723c751e8b465ee728b)
Start importing Packages/com.unity.collab-proxy/Editor/PlasticSCM/Assets/Images/step3@2x.png using Guid(36e6970b84831434a9eac79abd03700b) Importer(815301076,1909f56bfc062723c751e8b465ee728b)  -> (artifact id: '1828c8ab4957c4f41e09d9e4b96255d7') in 0.019247 seconds 
========================================================================
Received Import Request.
  Time since last request: 0.000028 seconds.
  path: Packages/com.unity.postprocessing/PostProcessing/Textures/BlueNoise64px/LDR_LLL1_21.png
  artifactKey: Guid(b7f000750830ddb4bbc80065b9314ce9) Importer(815301076,1909f56bfc062723c751e8b465ee728b)
Start importing Packages/com.unity.postprocessing/PostProcessing/Textures/BlueNoise64px/LDR_LLL1_21.png using Guid(b7f000750830ddb4bbc80065b9314ce9) Importer(815301076,1909f56bfc062723c751e8b465ee728b)  -> (artifact id: 'c57322b14d3e59efd0583bfa90131d5d') in 0.017955 seconds 
========================================================================
Received Import Request.
  Time since last request: 0.000046 seconds.
  path: Packages/com.unity.timeline/Editor/StyleSheets/Images/Icons/TrackAvatarButtonEnabled.png
  artifactKey: Guid(4bf6507f1346b2746a35384f6a5fd5f9) Importer(815301076,1909f56bfc062723c751e8b465ee728b)
Start importing Packages/com.unity.timeline/Editor/StyleSheets/Images/Icons/TrackAvatarButtonEnabled.png using Guid(4bf6507f1346b2746a35384f6a5fd5f9) Importer(815301076,1909f56bfc062723c751e8b465ee728b)  -> (artifact id: '993b11ecbe61166a866d368ede109784') in 0.016714 seconds 
========================================================================
Received Import Request.
  Time since last request: 0.000019 seconds.
  path: Assets/4_Resources/stage1_object/tree/map_DefaultMaterial_AlbedoTransparency.png
  artifactKey: Guid(9358a8f6aabaa3a4485dcc32813b2d99) Importer(815301076,1909f56bfc062723c751e8b465ee728b)
Start importing Assets/4_Resources/stage1_object/tree/map_DefaultMaterial_AlbedoTransparency.png using Guid(9358a8f6aabaa3a4485dcc32813b2d99) Importer(815301076,1909f56bfc062723c751e8b465ee728b)  -> (artifact id: '088e0294672550c3625d4be85e4fb8ef') in 0.013429 seconds 
========================================================================
Received Import Request.
  Time since last request: 0.000031 seconds.
  path: Packages/com.unity.timeline/Editor/StyleSheets/Images/LightSkin/TimelinePingPong.png
  artifactKey: Guid(88d697f38121de443ba144702e5122d9) Importer(815301076,1909f56bfc062723c751e8b465ee728b)
Start importing Packages/com.unity.timeline/Editor/StyleSheets/Images/LightSkin/TimelinePingPong.png using Guid(88d697f38121de443ba144702e5122d9) Importer(815301076,1909f56bfc062723c751e8b465ee728b)  -> (artifact id: '7cb81e96f80e4d173a6da06d1916de42') in 0.017502 seconds 
========================================================================
Received Import Request.
  Time since last request: 0.000022 seconds.
  path: Packages/com.unity.timeline/Editor/StyleSheets/Images/Icons/d_TrackRecordButtonDisabled.png
  artifactKey: Guid(9c6daec86666cbb4b9e558b839a103db) Importer(815301076,1909f56bfc062723c751e8b465ee728b)
Start importing Packages/com.unity.timeline/Editor/StyleSheets/Images/Icons/d_TrackRecordButtonDisabled.png using Guid(9c6daec86666cbb4b9e558b839a103db) Importer(815301076,1909f56bfc062723c751e8b465ee728b)  -> (artifact id: '87bc2fe166b169de69a83aa8f7a2e750') in 0.012813 seconds 
========================================================================
Received Import Request.
  Time since last request: 0.000028 seconds.
  path: Packages/com.unity.collab-proxy/Editor/PlasticSCM/Assets/Images/iconlockedremoteoverlay@2x.png
  artifactKey: Guid(f73a7d8758d7be04588b15637d94b5a8) Importer(815301076,1909f56bfc062723c751e8b465ee728b)
Start importing Packages/com.unity.collab-proxy/Editor/PlasticSCM/Assets/Images/iconlockedremoteoverlay@2x.png using Guid(f73a7d8758d7be04588b15637d94b5a8) Importer(815301076,1909f56bfc062723c751e8b465ee728b)  -> (artifact id: 'c9f4a61374c2f668c0dfe4cc62577f57') in 0.018229 seconds 
========================================================================
Received Import Request.
  Time since last request: 0.000024 seconds.
  path: Packages/com.unity.collab-proxy/Editor/PlasticSCM/Assets/Images/step2@2x.png
  artifactKey: Guid(0029170d14ce6c04c9f45c22cdae5559) Importer(815301076,1909f56bfc062723c751e8b465ee728b)
Start importing Packages/com.unity.collab-proxy/Editor/PlasticSCM/Assets/Images/step2@2x.png using Guid(0029170d14ce6c04c9f45c22cdae5559) Importer(815301076,1909f56bfc062723c751e8b465ee728b)  -> (artifact id: '66e8ced06e767583c1c6447478d5e8e4') in 0.017046 seconds 
========================================================================
Received Import Request.
  Time since last request: 0.000030 seconds.
  path: Packages/com.unity.timeline/Editor/StyleSheets/Images/LightSkin/TimelineAutokey.png
  artifactKey: Guid(af3aec622aef40c45813b39e405966a3) Importer(815301076,1909f56bfc062723c751e8b465ee728b)
Start importing Packages/com.unity.timeline/Editor/StyleSheets/Images/LightSkin/TimelineAutokey.png using Guid(af3aec622aef40c45813b39e405966a3) Importer(815301076,1909f56bfc062723c751e8b465ee728b)  -> (artifact id: '405ad844553cb780f69fe92f28c76abd') in 0.022620 seconds 
========================================================================
Received Import Request.
  Time since last request: 0.000025 seconds.
  path: Assets/unity-chan!/Unity-chan! Model/Documentation/UnityChanLicense2.0/License Logo/Others/png/Dark_Silhouette.png
  artifactKey: Guid(e534fa5e8d6bad340bbc9196dabe6f51) Importer(815301076,1909f56bfc062723c751e8b465ee728b)
Start importing Assets/unity-chan!/Unity-chan! Model/Documentation/UnityChanLicense2.0/License Logo/Others/png/Dark_Silhouette.png using Guid(e534fa5e8d6bad340bbc9196dabe6f51) Importer(815301076,1909f56bfc062723c751e8b465ee728b)  -> (artifact id: 'feb18ca2220ec31725a198e4ed4e3264') in 0.023918 seconds 
========================================================================
Received Import Request.
  Time since last request: 0.000045 seconds.
  path: Packages/com.unity.collab-proxy/Editor/PlasticSCM/Assets/Images/iconplasticnotifyincoming@2x.png
  artifactKey: Guid(ae869fe6797f4454cbbf417d87ff637c) Importer(815301076,1909f56bfc062723c751e8b465ee728b)
Start importing Packages/com.unity.collab-proxy/Editor/PlasticSCM/Assets/Images/iconplasticnotifyincoming@2x.png using Guid(ae869fe6797f4454cbbf417d87ff637c) Importer(815301076,1909f56bfc062723c751e8b465ee728b)  -> (artifact id: '54608f4a29f89ab7adf621542a828755') in 0.020887 seconds 
========================================================================
Received Import Request.
  Time since last request: 0.000036 seconds.
  path: Packages/com.unity.collab-proxy/Editor/PlasticSCM/Assets/Images/iconemptygravatar.png
  artifactKey: Guid(91976e8b9ce0f0341838727acd55621c) Importer(815301076,1909f56bfc062723c751e8b465ee728b)
Start importing Packages/com.unity.collab-proxy/Editor/PlasticSCM/Assets/Images/iconemptygravatar.png using Guid(91976e8b9ce0f0341838727acd55621c) Importer(815301076,1909f56bfc062723c751e8b465ee728b)  -> (artifact id: 'b0ec09532e382a634819419ac0d75e36') in 0.020058 seconds 
========================================================================
Received Import Request.
  Time since last request: 0.000044 seconds.
  path: Packages/com.unity.collab-proxy/Editor/PlasticSCM/Assets/Images/iconplasticview.png
  artifactKey: Guid(dcb2ee37925b97e438ae244996d81a55) Importer(815301076,1909f56bfc062723c751e8b465ee728b)
Start importing Packages/com.unity.collab-proxy/Editor/PlasticSCM/Assets/Images/iconplasticview.png using Guid(dcb2ee37925b97e438ae244996d81a55) Importer(815301076,1909f56bfc062723c751e8b465ee728b)  -> (artifact id: '0cd1e0fc59ecfc346c45f7c5b00ed885') in 0.019702 seconds 
========================================================================
Received Import Request.
  Time since last request: 0.000021 seconds.
  path: Assets/4_Resources/font/EF_Diary SDF3.asset
  artifactKey: Guid(f383e6535ddcfca4a8dc8f33e1a6c78b) Importer(815301076,1909f56bfc062723c751e8b465ee728b)
Start importing Assets/4_Resources/font/EF_Diary SDF3.asset using Guid(f383e6535ddcfca4a8dc8f33e1a6c78b) Importer(815301076,1909f56bfc062723c751e8b465ee728b)  -> (artifact id: '3b9116d574cddfaafa11c24a9b71a186') in 0.491211 seconds 
========================================================================
Received Import Request.
  Time since last request: 0.000025 seconds.
  path: Assets/4_Resources/ui/title/title_ui.png
  artifactKey: Guid(93b2fecd7f525a34d987124bc920b5c3) Importer(815301076,1909f56bfc062723c751e8b465ee728b)
Start importing Assets/4_Resources/ui/title/title_ui.png using Guid(93b2fecd7f525a34d987124bc920b5c3) Importer(815301076,1909f56bfc062723c751e8b465ee728b)  -> (artifact id: '56af3df4fe3de16a1c28b56a3a8d68bf') in 0.026634 seconds 
========================================================================
Received Import Request.
  Time since last request: 0.000048 seconds.
  path: Packages/com.unity.postprocessing/PostProcessing/Textures/BlueNoise64px/LDR_LLL1_25.png
  artifactKey: Guid(f4b8ab78b57749d4e96d36f6d8a395d0) Importer(815301076,1909f56bfc062723c751e8b465ee728b)
Start importing Packages/com.unity.postprocessing/PostProcessing/Textures/BlueNoise64px/LDR_LLL1_25.png using Guid(f4b8ab78b57749d4e96d36f6d8a395d0) Importer(815301076,1909f56bfc062723c751e8b465ee728b)  -> (artifact id: 'ed563875e0f8d6c980e88e15c11ea2ed') in 0.025208 seconds 
========================================================================
Received Import Request.
  Time since last request: 0.000038 seconds.
  path: Packages/com.unity.postprocessing/PostProcessing/Textures/BlueNoise64px/LDR_LLL1_34.png
  artifactKey: Guid(319b8e66db3faa4438cf6982e9c89b2f) Importer(815301076,1909f56bfc062723c751e8b465ee728b)
Start importing Packages/com.unity.postprocessing/PostProcessing/Textures/BlueNoise64px/LDR_LLL1_34.png using Guid(319b8e66db3faa4438cf6982e9c89b2f) Importer(815301076,1909f56bfc062723c751e8b465ee728b)  -> (artifact id: 'ae1f2861c04c59afea26c1c746eaa8fe') in 0.026602 seconds 
========================================================================
Received Import Request.
  Time since last request: 0.000029 seconds.
  path: Packages/com.unity.timeline/Editor/StyleSheets/Images/DarkSkin/TimelineAutokey.png
  artifactKey: Guid(92b5e4310629b264dad0fb2cc196d818) Importer(815301076,1909f56bfc062723c751e8b465ee728b)
Start importing Packages/com.unity.timeline/Editor/StyleSheets/Images/DarkSkin/TimelineAutokey.png using Guid(92b5e4310629b264dad0fb2cc196d818) Importer(815301076,1909f56bfc062723c751e8b465ee728b)  -> (artifact id: '2752e5593720eab3c292a74562c2ddec') in 0.021014 seconds 
========================================================================
Received Import Request.
  Time since last request: 0.000025 seconds.
  path: Packages/com.unity.timeline/Editor/StyleSheets/Images/DarkSkin/TimelinePlayRange.png
  artifactKey: Guid(43eeff8a446b32242a4fb1a5c1bd7b8e) Importer(815301076,1909f56bfc062723c751e8b465ee728b)
Start importing Packages/com.unity.timeline/Editor/StyleSheets/Images/DarkSkin/TimelinePlayRange.png using Guid(43eeff8a446b32242a4fb1a5c1bd7b8e) Importer(815301076,1909f56bfc062723c751e8b465ee728b)  -> (artifact id: '90a4c2ff5f7686806509858956ddd670') in 0.027070 seconds 
========================================================================
Received Import Request.
  Time since last request: 0.000028 seconds.
  path: Assets/4_Resources/stage1_object/stage_1_obj/trees/tree/map_DefaultMaterial_Normal.png
  artifactKey: Guid(d18f68857b7ecd8418a1d263512bba13) Importer(815301076,1909f56bfc062723c751e8b465ee728b)
Start importing Assets/4_Resources/stage1_object/stage_1_obj/trees/tree/map_DefaultMaterial_Normal.png using Guid(d18f68857b7ecd8418a1d263512bba13) Importer(815301076,1909f56bfc062723c751e8b465ee728b)  -> (artifact id: 'cbbe976889c6545c3af475495cc42f1d') in 0.024341 seconds 
========================================================================
Received Import Request.
  Time since last request: 0.000032 seconds.
  path: Packages/com.unity.collab-proxy/Editor/PlasticSCM/Assets/Images/iconoutofsync@2x.png
  artifactKey: Guid(d7094718bdac022428dd29244922d06b) Importer(815301076,1909f56bfc062723c751e8b465ee728b)
Start importing Packages/com.unity.collab-proxy/Editor/PlasticSCM/Assets/Images/iconoutofsync@2x.png using Guid(d7094718bdac022428dd29244922d06b) Importer(815301076,1909f56bfc062723c751e8b465ee728b)  -> (artifact id: 'ccefd514ec32f3b9f0d1c0acea11378b') in 0.028825 seconds 
========================================================================
Received Import Request.
  Time since last request: 0.000034 seconds.
  path: Packages/com.unity.collab-proxy/Editor/PlasticSCM/Assets/Images/stepok@2x.png
  artifactKey: Guid(be340a165cb9c8d4cb50f1deeb51d4ea) Importer(815301076,1909f56bfc062723c751e8b465ee728b)
Start importing Packages/com.unity.collab-proxy/Editor/PlasticSCM/Assets/Images/stepok@2x.png using Guid(be340a165cb9c8d4cb50f1deeb51d4ea) Importer(815301076,1909f56bfc062723c751e8b465ee728b)  -> (artifact id: 'e9bf1bea602ddaf3634b62f8246fd5be') in 0.028368 seconds 
========================================================================
Received Import Request.
  Time since last request: 12.981199 seconds.
  path: Assets/unity-chan!/Unity-chan! Model/Art/Stage/Textures/unitychan_tile4.png
  artifactKey: Guid(42b4ccc65ecc7874e84c7e9a7a3d2a16) Importer(815301076,1909f56bfc062723c751e8b465ee728b)
Start importing Assets/unity-chan!/Unity-chan! Model/Art/Stage/Textures/unitychan_tile4.png using Guid(42b4ccc65ecc7874e84c7e9a7a3d2a16) Importer(815301076,1909f56bfc062723c751e8b465ee728b)  -> (artifact id: '86bd0bb83b9c87eb1152ebb1d4031abc') in 0.025179 seconds 
========================================================================
Received Import Request.
  Time since last request: 0.755335 seconds.
  path: Packages/com.unity.timeline/Editor/StyleSheets/Images/Icons/TrackCurvesButtonDisabled@2x.png
  artifactKey: Guid(a383d8b1327c9254896ad76d6efaf357) Importer(815301076,1909f56bfc062723c751e8b465ee728b)
Start importing Packages/com.unity.timeline/Editor/StyleSheets/Images/Icons/TrackCurvesButtonDisabled@2x.png using Guid(a383d8b1327c9254896ad76d6efaf357) Importer(815301076,1909f56bfc062723c751e8b465ee728b)  -> (artifact id: 'b7032e90beba6a1f54235126c8696276') in 0.027476 seconds 
========================================================================
Received Import Request.
  Time since last request: 0.000022 seconds.
  path: Packages/com.unity.timeline/Editor/StyleSheets/Images/Icons/TrackLockButtonDisabled.png
  artifactKey: Guid(fef7487d8b06bba408f70354e2463ce4) Importer(815301076,1909f56bfc062723c751e8b465ee728b)
Start importing Packages/com.unity.timeline/Editor/StyleSheets/Images/Icons/TrackLockButtonDisabled.png using Guid(fef7487d8b06bba408f70354e2463ce4) Importer(815301076,1909f56bfc062723c751e8b465ee728b)  -> (artifact id: '66b0ee6d50e145a8757219f866db5520') in 0.025337 seconds 
========================================================================
Received Import Request.
  Time since last request: 0.000024 seconds.
  path: Packages/com.unity.timeline/Editor/StyleSheets/Images/DarkSkin/TimelineEndPlayback.png
  artifactKey: Guid(c285802d9d414814fad592b90b223f15) Importer(815301076,1909f56bfc062723c751e8b465ee728b)
Start importing Packages/com.unity.timeline/Editor/StyleSheets/Images/DarkSkin/TimelineEndPlayback.png using Guid(c285802d9d414814fad592b90b223f15) Importer(815301076,1909f56bfc062723c751e8b465ee728b)  -> (artifact id: '92a1b13da2f4118e3c2124e3b57e9a03') in 0.050454 seconds 
========================================================================
Received Import Request.
  Time since last request: 0.000041 seconds.
  path: Packages/com.unity.timeline/Editor/StyleSheets/Images/Icons/TimelineEditModeRippleON.png
  artifactKey: Guid(c5c1f094d9a9b3f4c9cc6c3a87af871c) Importer(815301076,1909f56bfc062723c751e8b465ee728b)
Start importing Packages/com.unity.timeline/Editor/StyleSheets/Images/Icons/TimelineEditModeRippleON.png using Guid(c5c1f094d9a9b3f4c9cc6c3a87af871c) Importer(815301076,1909f56bfc062723c751e8b465ee728b)  -> (artifact id: 'c8a70eb641a02a8ecc6a0e7eede28ca6') in 0.021017 seconds 
========================================================================
Received Import Request.
  Time since last request: 0.000070 seconds.
  path: Packages/com.unity.timeline/Editor/StyleSheets/Images/Icons/TimelineEditModeReplaceOFF.png
  artifactKey: Guid(09ae14686a02d484ab41e76fd1efba14) Importer(815301076,1909f56bfc062723c751e8b465ee728b)
Start importing Packages/com.unity.timeline/Editor/StyleSheets/Images/Icons/TimelineEditModeReplaceOFF.png using Guid(09ae14686a02d484ab41e76fd1efba14) Importer(815301076,1909f56bfc062723c751e8b465ee728b)  -> (artifact id: 'a36afd541294c47f46abae4625dbf3ce') in 0.020809 seconds 
========================================================================
Received Import Request.
  Time since last request: 0.000028 seconds.
  path: Packages/com.unity.searcher/Editor/Resources/FlatSkin/SearchSmallDownOn@2x.png
  artifactKey: Guid(c5b36095078d8694ba9e3ae3fd867b2e) Importer(815301076,1909f56bfc062723c751e8b465ee728b)
Start importing Packages/com.unity.searcher/Editor/Resources/FlatSkin/SearchSmallDownOn@2x.png using Guid(c5b36095078d8694ba9e3ae3fd867b2e) Importer(815301076,1909f56bfc062723c751e8b465ee728b)  -> (artifact id: '3b0759884dab818ef1698ce15a29238f') in 0.021042 seconds 
========================================================================
Received Import Request.
  Time since last request: 0.000061 seconds.
  path: Packages/com.unity.postprocessing/PostProcessing/Textures/BlueNoise64px/LDR_LLL1_37.png
  artifactKey: Guid(1d6958e30e40a254dbe5a54c573eeb3c) Importer(815301076,1909f56bfc062723c751e8b465ee728b)
Start importing Packages/com.unity.postprocessing/PostProcessing/Textures/BlueNoise64px/LDR_LLL1_37.png using Guid(1d6958e30e40a254dbe5a54c573eeb3c) Importer(815301076,1909f56bfc062723c751e8b465ee728b)  -> (artifact id: '474ab3b57b4cd2a7edddca119ff33aae') in 0.020023 seconds 
========================================================================
Received Import Request.
  Time since last request: 0.000026 seconds.
  path: Packages/com.unity.postprocessing/PostProcessing/Textures/BlueNoise64px/LDR_LLL1_40.png
  artifactKey: Guid(1a9ce5640cde5934aae0022f020464a6) Importer(815301076,1909f56bfc062723c751e8b465ee728b)
Start importing Packages/com.unity.postprocessing/PostProcessing/Textures/BlueNoise64px/LDR_LLL1_40.png using Guid(1a9ce5640cde5934aae0022f020464a6) Importer(815301076,1909f56bfc062723c751e8b465ee728b)  -> (artifact id: '8cac55994f14895cb8ee0910b8295132') in 0.021191 seconds 
========================================================================
Received Import Request.
  Time since last request: 0.000024 seconds.
  path: Packages/com.unity.postprocessing/PostProcessing/Textures/BlueNoise64px/LDR_LLL1_44.png
  artifactKey: Guid(15e54aa23a938444389469d53765d741) Importer(815301076,1909f56bfc062723c751e8b465ee728b)
Start importing Packages/com.unity.postprocessing/PostProcessing/Textures/BlueNoise64px/LDR_LLL1_44.png using Guid(15e54aa23a938444389469d53765d741) Importer(815301076,1909f56bfc062723c751e8b465ee728b)  -> (artifact id: 'e62f96239f0b90a71d8b19fec9a75e68') in 0.020351 seconds 
========================================================================
Received Import Request.
  Time since last request: 0.000032 seconds.
  path: Packages/com.unity.postprocessing/PostProcessing/Textures/BlueNoise64px/LDR_LLL1_57.png
  artifactKey: Guid(e138166e7a7c70f49943be7edda35d35) Importer(815301076,1909f56bfc062723c751e8b465ee728b)
Start importing Packages/com.unity.postprocessing/PostProcessing/Textures/BlueNoise64px/LDR_LLL1_57.png using Guid(e138166e7a7c70f49943be7edda35d35) Importer(815301076,1909f56bfc062723c751e8b465ee728b)  -> (artifact id: '1f8e7763f1d582e7e04e4e970a337a68') in 0.016624 seconds 
========================================================================
Received Import Request.
  Time since last request: 0.000026 seconds.
  path: Packages/com.unity.postprocessing/PostProcessing/Textures/BlueNoise64px/LDR_LLL1_41.png
  artifactKey: Guid(cd9006dc442cc244e89b3f492384d46a) Importer(815301076,1909f56bfc062723c751e8b465ee728b)
Start importing Packages/com.unity.postprocessing/PostProcessing/Textures/BlueNoise64px/LDR_LLL1_41.png using Guid(cd9006dc442cc244e89b3f492384d46a) Importer(815301076,1909f56bfc062723c751e8b465ee728b)  -> (artifact id: 'ea6ce121d273b50dfbbd75fb1d9437ee') in 0.016835 seconds 
========================================================================
Received Import Request.
  Time since last request: 0.000036 seconds.
  path: Packages/com.unity.postprocessing/PostProcessing/Textures/BlueNoise64px/LDR_LLL1_52.png
  artifactKey: Guid(d2e8e90fac2e6a341a38e1c3963c218d) Importer(815301076,1909f56bfc062723c751e8b465ee728b)
Start importing Packages/com.unity.postprocessing/PostProcessing/Textures/BlueNoise64px/LDR_LLL1_52.png using Guid(d2e8e90fac2e6a341a38e1c3963c218d) Importer(815301076,1909f56bfc062723c751e8b465ee728b)  -> (artifact id: 'f82aa56b1a76d42bfd7ec53e81723ab6') in 0.016980 seconds 
========================================================================
Received Import Request.
  Time since last request: 0.000043 seconds.
  path: Packages/com.unity.postprocessing/PostProcessing/Textures/BlueNoise64px/LDR_LLL1_53.png
  artifactKey: Guid(c94b57b5a32a22d43ade66e09f6a4bd2) Importer(815301076,1909f56bfc062723c751e8b465ee728b)
Start importing Packages/com.unity.postprocessing/PostProcessing/Textures/BlueNoise64px/LDR_LLL1_53.png using Guid(c94b57b5a32a22d43ade66e09f6a4bd2) Importer(815301076,1909f56bfc062723c751e8b465ee728b)  -> (artifact id: '164aa6e51aa932e94579308b6865df08') in 0.018287 seconds 
========================================================================
Received Import Request.
  Time since last request: 0.000024 seconds.
  path: Packages/com.unity.postprocessing/PostProcessing/Textures/BlueNoise64px/LDR_LLL1_48.png
  artifactKey: Guid(aff59c63d25d43f4c938f248837c30fb) Importer(815301076,1909f56bfc062723c751e8b465ee728b)
Start importing Packages/com.unity.postprocessing/PostProcessing/Textures/BlueNoise64px/LDR_LLL1_48.png using Guid(aff59c63d25d43f4c938f248837c30fb) Importer(815301076,1909f56bfc062723c751e8b465ee728b)  -> (artifact id: 'f8bf2c504aea02d1ec13f3f17d229291') in 0.015626 seconds 
========================================================================
Received Import Request.
  Time since last request: 0.000026 seconds.
  path: Packages/com.unity.timeline/Editor/StyleSheets/Images/Icons/TimelineEditModeMixOFF.png
  artifactKey: Guid(8fca5ed160cdc5440a4c7561db4082b2) Importer(815301076,1909f56bfc062723c751e8b465ee728b)
Start importing Packages/com.unity.timeline/Editor/StyleSheets/Images/Icons/TimelineEditModeMixOFF.png using Guid(8fca5ed160cdc5440a4c7561db4082b2) Importer(815301076,1909f56bfc062723c751e8b465ee728b)  -> (artifact id: '5062bd503ebf4189b42400912596e7c3') in 0.016927 seconds 
========================================================================
Received Import Request.
  Time since last request: 0.000024 seconds.
  path: Packages/com.unity.postprocessing/PostProcessing/Textures/BlueNoise64px/LDR_LLL1_45.png
  artifactKey: Guid(b9960364038cbfa4aa49d7b2032d3110) Importer(815301076,1909f56bfc062723c751e8b465ee728b)
Start importing Packages/com.unity.postprocessing/PostProcessing/Textures/BlueNoise64px/LDR_LLL1_45.png using Guid(b9960364038cbfa4aa49d7b2032d3110) Importer(815301076,1909f56bfc062723c751e8b465ee728b)  -> (artifact id: 'd19671184d2c6b083d0cd190cd87c3e7') in 0.019189 seconds 
========================================================================
Received Import Request.
  Time since last request: 0.000025 seconds.
  path: Packages/com.unity.timeline/Editor/StyleSheets/Images/DarkSkin/TimelineDisabledBackground.png
  artifactKey: Guid(412f73153f3a3c549b67b2a847741145) Importer(815301076,1909f56bfc062723c751e8b465ee728b)
Start importing Packages/com.unity.timeline/Editor/StyleSheets/Images/DarkSkin/TimelineDisabledBackground.png using Guid(412f73153f3a3c549b67b2a847741145) Importer(815301076,1909f56bfc062723c751e8b465ee728b)  -> (artifact id: '175f85cd93e7622674751969a22de97a') in 0.015237 seconds 
========================================================================
Received Import Request.
  Time since last request: 0.000027 seconds.
  path: Packages/com.unity.timeline/Editor/StyleSheets/Images/Icons/TimelineDigIn.png
  artifactKey: Guid(b1d064d6d80829f4eb370f679384ea1f) Importer(815301076,1909f56bfc062723c751e8b465ee728b)
Start importing Packages/com.unity.timeline/Editor/StyleSheets/Images/Icons/TimelineDigIn.png using Guid(b1d064d6d80829f4eb370f679384ea1f) Importer(815301076,1909f56bfc062723c751e8b465ee728b)  -> (artifact id: '4a07e6c27b6d0f7b58c548fa2b08a682') in 0.017582 seconds 
========================================================================
Received Import Request.
  Time since last request: 0.000024 seconds.
  path: Packages/com.unity.collab-proxy/Editor/PlasticSCM/Assets/Images/secondarytabclosehover.png
  artifactKey: Guid(8fac55fff4ce5fa40a7b2efefc0e617a) Importer(815301076,1909f56bfc062723c751e8b465ee728b)
Start importing Packages/com.unity.collab-proxy/Editor/PlasticSCM/Assets/Images/secondarytabclosehover.png using Guid(8fac55fff4ce5fa40a7b2efefc0e617a) Importer(815301076,1909f56bfc062723c751e8b465ee728b)  -> (artifact id: 'bdd9e54be90f94bef1d093c9a74e0363') in 0.016632 seconds 
========================================================================
Received Import Request.
  Time since last request: 4.966308 seconds.
  path: Assets/4_Resources/stage3_obtect/stage_3_floor/material/b_DefaultMaterial_Emission.png
  artifactKey: Guid(da51874f637e1bf40a08926af0b024d6) Importer(815301076,1909f56bfc062723c751e8b465ee728b)
Start importing Assets/4_Resources/stage3_obtect/stage_3_floor/material/b_DefaultMaterial_Emission.png using Guid(da51874f637e1bf40a08926af0b024d6) Importer(815301076,1909f56bfc062723c751e8b465ee728b)  -> (artifact id: '3c3e1a086e6b083abf0a315929249f7e') in 0.024123 seconds 
========================================================================
Received Import Request.
  Time since last request: 0.000031 seconds.
  path: Packages/com.unity.textmeshpro/Editor Resources/Textures/btn_AlignCapLine.psd
  artifactKey: Guid(0d9a36012a224080966c7b55896aa0f9) Importer(815301076,1909f56bfc062723c751e8b465ee728b)
Start importing Packages/com.unity.textmeshpro/Editor Resources/Textures/btn_AlignCapLine.psd using Guid(0d9a36012a224080966c7b55896aa0f9) Importer(815301076,1909f56bfc062723c751e8b465ee728b)  -> (artifact id: '574aa3ee7ea9b2d5248267b7be948ad7') in 0.029519 seconds 
========================================================================
Received Import Request.
  Time since last request: 0.000025 seconds.
  path: Packages/com.unity.textmeshpro/Editor Resources/Textures/btn_AlignBaseLine.psd
  artifactKey: Guid(8bc445bb79654bf496c92d0407840a92) Importer(815301076,1909f56bfc062723c751e8b465ee728b)
Start importing Packages/com.unity.textmeshpro/Editor Resources/Textures/btn_AlignBaseLine.psd using Guid(8bc445bb79654bf496c92d0407840a92) Importer(815301076,1909f56bfc062723c751e8b465ee728b)  -> (artifact id: '0652419f7ec0a766114a8e6ae5d9863e') in 0.039149 seconds 
========================================================================
Received Import Request.
  Time since last request: 0.000029 seconds.
  path: Assets/unity-chan!/Unity-chan! Model/Art/UnityChanShader/Texture/body_01_SPEC.tga
  artifactKey: Guid(7ae1142e9b3a72048960dd9561e0e0d9) Importer(815301076,1909f56bfc062723c751e8b465ee728b)
Start importing Assets/unity-chan!/Unity-chan! Model/Art/UnityChanShader/Texture/body_01_SPEC.tga using Guid(7ae1142e9b3a72048960dd9561e0e0d9) Importer(815301076,1909f56bfc062723c751e8b465ee728b)  -> (artifact id: '9c74a4494a3cec6e61898c98c4a0eb84') in 0.042305 seconds 
========================================================================
Received Import Request.
  Time since last request: 0.000035 seconds.
  path: Assets/4_Resources/background/bg_circle02/bg_circle02_bg_circle02_MetallicSmoothness.png
  artifactKey: Guid(0e7ecb28db2e3744caf34c95ed3ce72d) Importer(815301076,1909f56bfc062723c751e8b465ee728b)
Start importing Assets/4_Resources/background/bg_circle02/bg_circle02_bg_circle02_MetallicSmoothness.png using Guid(0e7ecb28db2e3744caf34c95ed3ce72d) Importer(815301076,1909f56bfc062723c751e8b465ee728b)  -> (artifact id: '05b0e6274655465ffaa9ab8bb83308c4') in 0.033630 seconds 
========================================================================
Received Import Request.
  Time since last request: 0.000036 seconds.
  path: Assets/4_Resources/background/bg_circle01/bg_circle01_bg_circle01_AlbedoTransparency.png
  artifactKey: Guid(2d0a89f3d22f6884e8eee8d2f10bc78a) Importer(815301076,1909f56bfc062723c751e8b465ee728b)
Start importing Assets/4_Resources/background/bg_circle01/bg_circle01_bg_circle01_AlbedoTransparency.png using Guid(2d0a89f3d22f6884e8eee8d2f10bc78a) Importer(815301076,1909f56bfc062723c751e8b465ee728b)  -> (artifact id: 'c6eca4088723bd9c52b801f8cd8c1a15') in 0.029745 seconds 
Editor requested this worker to shutdown with reason: Scaling down because of idle timeout
AssetImportWorker is now disconnected from the server
Process exiting
Exiting without the bug reporter. Application will terminate with return code 0