Using pre-set license
Built from '2021.3/staging' branch; Version is '2021.3.24f1 (cf10dcf7010d) revision 13570268'; Using compiler version '192829333'; Build Type 'Release'
OS: 'Windows 10  (10.0.19044) 64bit Professional' Language: 'ko' Physical Memory: 16241 MB
BatchMode: 1, IsHumanControllingUs: 0, StartBugReporterOnCrash: 0, Is64bit: 1, IsPro: 1

COMMAND LINE ARGUMENTS:
C:\Program Files\Unity\Hub\Editor\2021.3.24f1\Editor\Unity.exe
-adb2
-batchMode
-noUpm
-name
AssetImportWorker4
-projectPath
D:/City_Moonlight/5_Project/City_Moonlight
-logFile
Logs/AssetImportWorker4.log
-srvPort
60144
Successfully changed project path to: D:/City_Moonlight/5_Project/City_Moonlight
D:/City_Moonlight/5_Project/City_Moonlight
[UnityMemory] Configuration Parameters - Can be set up in boot.config
    "memorysetup-bucket-allocator-granularity=16"
    "memorysetup-bucket-allocator-bucket-count=8"
    "memorysetup-bucket-allocator-block-size=33554432"
    "memorysetup-bucket-allocator-block-count=8"
    "memorysetup-main-allocator-block-size=16777216"
    "memorysetup-thread-allocator-block-size=16777216"
    "memorysetup-gfx-main-allocator-block-size=16777216"
    "memorysetup-gfx-thread-allocator-block-size=16777216"
    "memorysetup-cache-allocator-block-size=4194304"
    "memorysetup-typetree-allocator-block-size=2097152"
    "memorysetup-profiler-bucket-allocator-granularity=16"
    "memorysetup-profiler-bucket-allocator-bucket-count=8"
    "memorysetup-profiler-bucket-allocator-block-size=33554432"
    "memorysetup-profiler-bucket-allocator-block-count=8"
    "memorysetup-profiler-allocator-block-size=16777216"
    "memorysetup-profiler-editor-allocator-block-size=1048576"
    "memorysetup-temp-allocator-size-main=16777216"
    "memorysetup-job-temp-allocator-block-size=2097152"
    "memorysetup-job-temp-allocator-block-size-background=1048576"
    "memorysetup-job-temp-allocator-reduction-small-platforms=262144"
    "memorysetup-temp-allocator-size-background-worker=32768"
    "memorysetup-temp-allocator-size-job-worker=262144"
    "memorysetup-temp-allocator-size-preload-manager=33554432"
    "memorysetup-temp-allocator-size-nav-mesh-worker=65536"
    "memorysetup-temp-allocator-size-audio-worker=65536"
    "memorysetup-temp-allocator-size-cloud-worker=32768"
    "memorysetup-temp-allocator-size-gi-baking-worker=262144"
    "memorysetup-temp-allocator-size-gfx=262144"
Player connection [13456] Host "[IP] 192.168.150.229 [Port] 0 [Flags] 2 [Guid] 2078918210 [EditorId] 2078918210 [Version] 1048832 [Id] WindowsEditor(7,DESKTOP-H8JCEKN) [Debug] 1 [PackageName] WindowsEditor [ProjectName] Editor" joined multi-casting on [225.0.0.222:54997]...

Player connection [13456] Host "[IP] 192.168.150.229 [Port] 0 [Flags] 2 [Guid] 2078918210 [EditorId] 2078918210 [Version] 1048832 [Id] WindowsEditor(7,DESKTOP-H8JCEKN) [Debug] 1 [PackageName] WindowsEditor [ProjectName] Editor" joined alternative multi-casting on [225.0.0.222:34997]...

Refreshing native plugins compatible for Editor in 118.54 ms, found 3 plugins.
Preloading 0 native plugins for Editor in 0.00 ms.
Initialize engine version: 2021.3.24f1 (cf10dcf7010d)
[Subsystems] Discovering subsystems at path C:/Program Files/Unity/Hub/Editor/2021.3.24f1/Editor/Data/Resources/UnitySubsystems
[Subsystems] Discovering subsystems at path D:/City_Moonlight/5_Project/City_Moonlight/Assets
GfxDevice: creating device client; threaded=0; jobified=0
Direct3D:
    Version:  Direct3D 11.0 [level 11.1]
    Renderer: NVIDIA GeForce GTX 1650 (ID=0x1f91)
    Vendor:   NVIDIA
    VRAM:     3964 MB
    Driver:   31.0.15.1700
Initialize mono
Mono path[0] = 'C:/Program Files/Unity/Hub/Editor/2021.3.24f1/Editor/Data/Managed'
Mono path[1] = 'C:/Program Files/Unity/Hub/Editor/2021.3.24f1/Editor/Data/MonoBleedingEdge/lib/mono/unityjit-win32'
Mono config path = 'C:/Program Files/Unity/Hub/Editor/2021.3.24f1/Editor/Data/MonoBleedingEdge/etc'
Using monoOptions --debugger-agent=transport=dt_socket,embedding=1,server=y,suspend=n,address=127.0.0.1:56288
Begin MonoManager ReloadAssembly
Registering precompiled unity dll's ...
Register platform support module: C:/Program Files/Unity/Hub/Editor/2021.3.24f1/Editor/Data/PlaybackEngines/WindowsStandaloneSupport/UnityEditor.WindowsStandalone.Extensions.dll
Registered in 0.009245 seconds.
Native extension for WindowsStandalone target not found
Refreshing native plugins compatible for Editor in 168.64 ms, found 3 plugins.
Preloading 0 native plugins for Editor in 0.00 ms.
Mono: successfully reloaded assembly
- Completed reload, in  0.993 seconds
Domain Reload Profiling:
	ReloadAssembly (994ms)
		BeginReloadAssembly (144ms)
			ExecutionOrderSort (0ms)
			DisableScriptedObjects (0ms)
			BackupInstance (0ms)
			ReleaseScriptingObjects (0ms)
			CreateAndSetChildDomain (1ms)
		EndReloadAssembly (704ms)
			LoadAssemblies (142ms)
			RebuildTransferFunctionScriptingTraits (0ms)
			SetupTypeCache (155ms)
			ReleaseScriptCaches (0ms)
			RebuildScriptCaches (39ms)
			SetupLoadedEditorAssemblies (436ms)
				LogAssemblyErrors (0ms)
				InitializePlatformSupportModulesInManaged (12ms)
				SetLoadedEditorAssemblies (0ms)
				RefreshPlugins (169ms)
				BeforeProcessingInitializeOnLoad (2ms)
				ProcessInitializeOnLoadAttributes (187ms)
				ProcessInitializeOnLoadMethodAttributes (66ms)
				AfterProcessingInitializeOnLoad (0ms)
				EditorAssembliesLoaded (0ms)
			ExecutionOrderSort2 (0ms)
			AwakeInstancesAfterBackupRestoration (0ms)
Platform modules already initialized, skipping
Registering precompiled user dll's ...
Registered in 0.005397 seconds.
Begin MonoManager ReloadAssembly
Native extension for WindowsStandalone target not found
Refreshing native plugins compatible for Editor in 106.08 ms, found 3 plugins.
Preloading 0 native plugins for Editor in 0.00 ms.
Mono: successfully reloaded assembly
- Completed reload, in  2.654 seconds
Domain Reload Profiling:
	ReloadAssembly (2655ms)
		BeginReloadAssembly (119ms)
			ExecutionOrderSort (0ms)
			DisableScriptedObjects (5ms)
			BackupInstance (0ms)
			ReleaseScriptingObjects (0ms)
			CreateAndSetChildDomain (19ms)
		EndReloadAssembly (2409ms)
			LoadAssemblies (681ms)
			RebuildTransferFunctionScriptingTraits (0ms)
			SetupTypeCache (1054ms)
			ReleaseScriptCaches (1ms)
			RebuildScriptCaches (66ms)
			SetupLoadedEditorAssemblies (582ms)
				LogAssemblyErrors (0ms)
				InitializePlatformSupportModulesInManaged (5ms)
				SetLoadedEditorAssemblies (0ms)
				RefreshPlugins (106ms)
				BeforeProcessingInitializeOnLoad (104ms)
				ProcessInitializeOnLoadAttributes (282ms)
				ProcessInitializeOnLoadMethodAttributes (77ms)
				AfterProcessingInitializeOnLoad (8ms)
				EditorAssembliesLoaded (0ms)
			ExecutionOrderSort2 (0ms)
			AwakeInstancesAfterBackupRestoration (6ms)
Platform modules already initialized, skipping
========================================================================
Worker process is ready to serve import requests
Launched and connected shader compiler UnityShaderCompiler.exe after 0.05 seconds
Refreshing native plugins compatible for Editor in 0.88 ms, found 3 plugins.
Preloading 0 native plugins for Editor in 0.00 ms.
Unloading 5268 Unused Serialized files (Serialized files now loaded: 0)
Unloading 57 unused Assets / (2.0 MB). Loaded Objects now: 5714.
Memory consumption went from 224.1 MB to 222.1 MB.
Total: 4.265100 ms (FindLiveObjects: 0.395600 ms CreateObjectMapping: 0.358200 ms MarkObjects: 3.012900 ms  DeleteObjects: 0.497900 ms)

AssetImportParameters requested are different than current active one (requested -> active):
  custom:video-decoder-ogg-theora: a1e56fd34408186e4bbccfd4996cb3dc -> 
  custom:container-muxer-webm: aa71ff27fc2769a1b78a27578f13a17b -> 
  custom:container-demuxer-webm: 4f35f7cbe854078d1ac9338744f61a02 -> 
  custom:video-encoder-webm-vp8: eb34c28f22e8b96e1ab97ce403110664 -> 
  custom:audio-encoder-webm-vorbis: bf7c407c2cedff20999df2af8eb42d56 -> 
  custom:framework-win-MediaFoundation: 216162199b28c13a410421893ffa2e32 -> 
  custom:container-demuxer-ogg: 62fdf1f143b41e24485cea50d1cbac27 -> 
  custom:video-decoder-webm-vp8: 9c59270c3fd7afecdb556c50c9e8de78 -> 
  custom:audio-decoder-ogg-vorbis: bf7c407c2cedff20999df2af8eb42d56 -> 
========================================================================
Received Import Request.
  Time since last request: 1210333.040243 seconds.
  path: Assets/unity-chan!/Unity-chan! Model/Art/Stage/Shader/Textures/Unity_Icon.png
  artifactKey: Guid(b442fd7ae2ec93c4b9b9eda0c032960c) Importer(815301076,1909f56bfc062723c751e8b465ee728b)
Start importing Assets/unity-chan!/Unity-chan! Model/Art/Stage/Shader/Textures/Unity_Icon.png using Guid(b442fd7ae2ec93c4b9b9eda0c032960c) Importer(815301076,1909f56bfc062723c751e8b465ee728b)  -> (artifact id: '083f8913a915d59469adb815f9e9c047') in 0.135764 seconds 
========================================================================
Received Import Request.
  Time since last request: 0.647451 seconds.
  path: Packages/com.unity.timeline/Editor/StyleSheets/Images/Icons/TrackAvatarButtonEnabled@2x.png
  artifactKey: Guid(51bf5f55a8a01e546bf6092b54fdae20) Importer(815301076,1909f56bfc062723c751e8b465ee728b)
Start importing Packages/com.unity.timeline/Editor/StyleSheets/Images/Icons/TrackAvatarButtonEnabled@2x.png using Guid(51bf5f55a8a01e546bf6092b54fdae20) Importer(815301076,1909f56bfc062723c751e8b465ee728b)  -> (artifact id: '66e228edacd100bf54662a52a5589c76') in 0.025492 seconds 
========================================================================
Received Import Request.
  Time since last request: 0.000027 seconds.
  path: Packages/com.unity.timeline/Editor/StyleSheets/Images/Icons/TrackCurvesButtonEnabled.png
  artifactKey: Guid(9589d5d9eb09dec43b2ad51af4e78b1e) Importer(815301076,1909f56bfc062723c751e8b465ee728b)
Start importing Packages/com.unity.timeline/Editor/StyleSheets/Images/Icons/TrackCurvesButtonEnabled.png using Guid(9589d5d9eb09dec43b2ad51af4e78b1e) Importer(815301076,1909f56bfc062723c751e8b465ee728b)  -> (artifact id: '51698f2f798070a573bc4efc930ee73e') in 0.024017 seconds 
========================================================================
Received Import Request.
  Time since last request: 0.000029 seconds.
  path: Packages/com.unity.timeline/Editor/StyleSheets/Images/Shared/TimelineGroupBackground.png
  artifactKey: Guid(6ca5daa3415451940921fa7e2c3db9e8) Importer(815301076,1909f56bfc062723c751e8b465ee728b)
Start importing Packages/com.unity.timeline/Editor/StyleSheets/Images/Shared/TimelineGroupBackground.png using Guid(6ca5daa3415451940921fa7e2c3db9e8) Importer(815301076,1909f56bfc062723c751e8b465ee728b)  -> (artifact id: 'b17b3064847f91d32dc7182b9d4a9e6a') in 0.016417 seconds 
========================================================================
Received Import Request.
  Time since last request: 0.000086 seconds.
  path: Packages/com.unity.timeline/Editor/StyleSheets/Images/Shared/TimelineDisplay.png
  artifactKey: Guid(03ae22b9de3989144a9bebf8972b4fad) Importer(815301076,1909f56bfc062723c751e8b465ee728b)
Start importing Packages/com.unity.timeline/Editor/StyleSheets/Images/Shared/TimelineDisplay.png using Guid(03ae22b9de3989144a9bebf8972b4fad) Importer(815301076,1909f56bfc062723c751e8b465ee728b)  -> (artifact id: 'b61fb0ba207a105358b3fa6fd40ec4ce') in 0.031412 seconds 
========================================================================
Received Import Request.
  Time since last request: 0.000026 seconds.
  path: Packages/com.unity.timeline/Editor/StyleSheets/Images/Icons/TimelineEditModeReplaceON.png
  artifactKey: Guid(6d41c3e8796a4fd4e80840354039e4ac) Importer(815301076,1909f56bfc062723c751e8b465ee728b)
Start importing Packages/com.unity.timeline/Editor/StyleSheets/Images/Icons/TimelineEditModeReplaceON.png using Guid(6d41c3e8796a4fd4e80840354039e4ac) Importer(815301076,1909f56bfc062723c751e8b465ee728b)  -> (artifact id: '8d57d0d6dd946a0c314d5b869917f143') in 0.024183 seconds 
========================================================================
Received Import Request.
  Time since last request: 0.000026 seconds.
  path: Packages/com.unity.searcher/Editor/Resources/FlatSkin/SearchSmallDownOn.png
  artifactKey: Guid(f353e9d22eb9164499dd70cb41b00244) Importer(815301076,1909f56bfc062723c751e8b465ee728b)
Start importing Packages/com.unity.searcher/Editor/Resources/FlatSkin/SearchSmallDownOn.png using Guid(f353e9d22eb9164499dd70cb41b00244) Importer(815301076,1909f56bfc062723c751e8b465ee728b)  -> (artifact id: 'ff475eeab38737943ab22fc3a982cd68') in 0.016743 seconds 
========================================================================
Received Import Request.
  Time since last request: 0.000033 seconds.
  path: Packages/com.unity.collab-proxy/Editor/PlasticSCM/Assets/Images/refresh@2x.png
  artifactKey: Guid(59571f82a0dc1a14da606dc0df6f8ea7) Importer(815301076,1909f56bfc062723c751e8b465ee728b)
Start importing Packages/com.unity.collab-proxy/Editor/PlasticSCM/Assets/Images/refresh@2x.png using Guid(59571f82a0dc1a14da606dc0df6f8ea7) Importer(815301076,1909f56bfc062723c751e8b465ee728b)  -> (artifact id: '3f65ee85c299ac06f1fc6848887b51d3') in 0.019814 seconds 
========================================================================
Received Import Request.
  Time since last request: 0.000021 seconds.
  path: Packages/com.unity.postprocessing/PostProcessing/Textures/BlueNoise64px/LDR_LLL1_42.png
  artifactKey: Guid(b266511438fae724f9d3ce6bd26583e8) Importer(815301076,1909f56bfc062723c751e8b465ee728b)
Start importing Packages/com.unity.postprocessing/PostProcessing/Textures/BlueNoise64px/LDR_LLL1_42.png using Guid(b266511438fae724f9d3ce6bd26583e8) Importer(815301076,1909f56bfc062723c751e8b465ee728b)  -> (artifact id: '140bd830e7e1f5ac15f92d0ec46b4c9a') in 0.065459 seconds 
========================================================================
Received Import Request.
  Time since last request: 0.000019 seconds.
  path: Packages/com.unity.collab-proxy/Editor/PlasticSCM/Assets/Images/secondarytabclose.png
  artifactKey: Guid(03cefa94d5aa9d74993fb2138af9d607) Importer(815301076,1909f56bfc062723c751e8b465ee728b)
Start importing Packages/com.unity.collab-proxy/Editor/PlasticSCM/Assets/Images/secondarytabclose.png using Guid(03cefa94d5aa9d74993fb2138af9d607) Importer(815301076,1909f56bfc062723c751e8b465ee728b)  -> (artifact id: 'd653a5b04781fecbe9cd5f710a9daa8a') in 0.022799 seconds 
========================================================================
Received Import Request.
  Time since last request: 0.000019 seconds.
  path: Packages/com.unity.postprocessing/PostProcessing/Textures/BlueNoise64px/LDR_LLL1_36.png
  artifactKey: Guid(351e95d0e20a54849bd4ce5f9b498934) Importer(815301076,1909f56bfc062723c751e8b465ee728b)
Start importing Packages/com.unity.postprocessing/PostProcessing/Textures/BlueNoise64px/LDR_LLL1_36.png using Guid(351e95d0e20a54849bd4ce5f9b498934) Importer(815301076,1909f56bfc062723c751e8b465ee728b)  -> (artifact id: 'aeaa1412503129deb4851ff7050eb5b4') in 0.016622 seconds 
========================================================================
Received Import Request.
  Time since last request: 0.000038 seconds.
  path: Packages/com.unity.postprocessing/PostProcessing/Textures/BlueNoise64px/LDR_LLL1_43.png
  artifactKey: Guid(71bc1b6b66e8b784b972199b7e90204e) Importer(815301076,1909f56bfc062723c751e8b465ee728b)
Start importing Packages/com.unity.postprocessing/PostProcessing/Textures/BlueNoise64px/LDR_LLL1_43.png using Guid(71bc1b6b66e8b784b972199b7e90204e) Importer(815301076,1909f56bfc062723c751e8b465ee728b)  -> (artifact id: '1122f36552f1d8d7b384434bbca36d9c') in 0.017439 seconds 
========================================================================
Received Import Request.
  Time since last request: 0.000017 seconds.
  path: Packages/com.unity.postprocessing/PostProcessing/Textures/BlueNoise64px/LDR_LLL1_54.png
  artifactKey: Guid(936dea238abb0864ab3985a995e16a29) Importer(815301076,1909f56bfc062723c751e8b465ee728b)
Start importing Packages/com.unity.postprocessing/PostProcessing/Textures/BlueNoise64px/LDR_LLL1_54.png using Guid(936dea238abb0864ab3985a995e16a29) Importer(815301076,1909f56bfc062723c751e8b465ee728b)  -> (artifact id: 'ef41dbfa7b3e8c64232de6fcf330b458') in 0.016948 seconds 
========================================================================
Received Import Request.
  Time since last request: 0.000022 seconds.
  path: Packages/com.unity.postprocessing/PostProcessing/Textures/BlueNoise64px/LDR_LLL1_49.png
  artifactKey: Guid(3f7c3687170b90e4a8d2ee6b142670f4) Importer(815301076,1909f56bfc062723c751e8b465ee728b)
Start importing Packages/com.unity.postprocessing/PostProcessing/Textures/BlueNoise64px/LDR_LLL1_49.png using Guid(3f7c3687170b90e4a8d2ee6b142670f4) Importer(815301076,1909f56bfc062723c751e8b465ee728b)  -> (artifact id: 'daf358ebf2e11effa9ccf1f52222ba24') in 0.019323 seconds 
========================================================================
Received Import Request.
  Time since last request: 0.000024 seconds.
  path: Packages/com.unity.postprocessing/PostProcessing/Textures/BlueNoise64px/LDR_LLL1_59.png
  artifactKey: Guid(d96974690c77f50489eb60ec84bd8dac) Importer(815301076,1909f56bfc062723c751e8b465ee728b)
Start importing Packages/com.unity.postprocessing/PostProcessing/Textures/BlueNoise64px/LDR_LLL1_59.png using Guid(d96974690c77f50489eb60ec84bd8dac) Importer(815301076,1909f56bfc062723c751e8b465ee728b)  -> (artifact id: '64cf82d6b2d53ebfa2eed6ffd19ff806') in 0.016599 seconds 
========================================================================
Received Import Request.
  Time since last request: 0.000014 seconds.
  path: Packages/com.unity.timeline/Editor/StyleSheets/Images/Icons/TrackLockButtonDisabled@2x.png
  artifactKey: Guid(6fb5cabb85ba3794682b16eba19440cb) Importer(815301076,1909f56bfc062723c751e8b465ee728b)
Start importing Packages/com.unity.timeline/Editor/StyleSheets/Images/Icons/TrackLockButtonDisabled@2x.png using Guid(6fb5cabb85ba3794682b16eba19440cb) Importer(815301076,1909f56bfc062723c751e8b465ee728b)  -> (artifact id: 'b19df07a6d64298ebbd68bc89b83bfe3') in 0.015419 seconds 
========================================================================
Received Import Request.
  Time since last request: 0.000015 seconds.
  path: Packages/com.unity.searcher/Editor/Resources/FlatSkin/SearchSmallDownOff.png
  artifactKey: Guid(e0f8b9d001b669a43b3c9f7b90891d96) Importer(815301076,1909f56bfc062723c751e8b465ee728b)
Start importing Packages/com.unity.searcher/Editor/Resources/FlatSkin/SearchSmallDownOff.png using Guid(e0f8b9d001b669a43b3c9f7b90891d96) Importer(815301076,1909f56bfc062723c751e8b465ee728b)  -> (artifact id: 'd3f0274386338acb0a89d81c0b03ec85') in 0.012407 seconds 
========================================================================
Received Import Request.
  Time since last request: 0.000022 seconds.
  path: Packages/com.unity.postprocessing/PostProcessing/Gizmos/PostProcessLayer.png
  artifactKey: Guid(5f51e0b22aa8cb84b9f422576ce87ff9) Importer(815301076,1909f56bfc062723c751e8b465ee728b)
Start importing Packages/com.unity.postprocessing/PostProcessing/Gizmos/PostProcessLayer.png using Guid(5f51e0b22aa8cb84b9f422576ce87ff9) Importer(815301076,1909f56bfc062723c751e8b465ee728b)  -> (artifact id: 'f54eca5500954e1255bd08d245d0dbcc') in 0.018753 seconds 
========================================================================
Received Import Request.
  Time since last request: 0.000019 seconds.
  path: Packages/com.unity.postprocessing/PostProcessing/Textures/SMAA/SearchTex.tga
  artifactKey: Guid(d99701099481a2f489610e977df6dcbc) Importer(815301076,1909f56bfc062723c751e8b465ee728b)
Start importing Packages/com.unity.postprocessing/PostProcessing/Textures/SMAA/SearchTex.tga using Guid(d99701099481a2f489610e977df6dcbc) Importer(815301076,1909f56bfc062723c751e8b465ee728b)  -> (artifact id: 'a5bb5e56eb4c7e66c04eb18a0b125001') in 0.022302 seconds 
========================================================================
Received Import Request.
  Time since last request: 4.986004 seconds.
  path: Packages/com.unity.postprocessing/PostProcessing/Textures/SMAA/AreaTex.tga
  artifactKey: Guid(73ec4ae984a0a0f44a2be737e41a6f2f) Importer(815301076,1909f56bfc062723c751e8b465ee728b)
Start importing Packages/com.unity.postprocessing/PostProcessing/Textures/SMAA/AreaTex.tga using Guid(73ec4ae984a0a0f44a2be737e41a6f2f) Importer(815301076,1909f56bfc062723c751e8b465ee728b)  -> (artifact id: '4f24a2b1d569347622f0756203b9a6de') in 0.025202 seconds 
========================================================================
Received Import Request.
  Time since last request: 0.000019 seconds.
  path: Assets/4_Resources/background/bg_circle02/bg_circle02_bg_circle02_AlbedoTransparency.png
  artifactKey: Guid(4b86bb5bfff658e4eafcb7a713aebc88) Importer(815301076,1909f56bfc062723c751e8b465ee728b)
Start importing Assets/4_Resources/background/bg_circle02/bg_circle02_bg_circle02_AlbedoTransparency.png using Guid(4b86bb5bfff658e4eafcb7a713aebc88) Importer(815301076,1909f56bfc062723c751e8b465ee728b)  -> (artifact id: '57f2e0e1d962585f54244a2468b702cb') in 0.022701 seconds 
========================================================================
Received Import Request.
  Time since last request: 0.000034 seconds.
  path: Assets/4_Resources/background/bg_circle02/bg_circle02_bg_circle02_Normal.png
  artifactKey: Guid(512b4996676314a4aae7356976ddbd72) Importer(815301076,1909f56bfc062723c751e8b465ee728b)
Start importing Assets/4_Resources/background/bg_circle02/bg_circle02_bg_circle02_Normal.png using Guid(512b4996676314a4aae7356976ddbd72) Importer(815301076,1909f56bfc062723c751e8b465ee728b)  -> (artifact id: '58e0ec2859954e449c372116838d670f') in 0.040775 seconds 
========================================================================
Received Import Request.
  Time since last request: 0.000018 seconds.
  path: Assets/4_Resources/background/bg_circle01/bg_circle01_bg_circle01_Normal.png
  artifactKey: Guid(207b9a77eb88eae4aad6b7fdb6e90cd2) Importer(815301076,1909f56bfc062723c751e8b465ee728b)
Start importing Assets/4_Resources/background/bg_circle01/bg_circle01_bg_circle01_Normal.png using Guid(207b9a77eb88eae4aad6b7fdb6e90cd2) Importer(815301076,1909f56bfc062723c751e8b465ee728b)  -> (artifact id: '314e6922e96a9b865fb86bdea2c74016') in 0.042170 seconds 
========================================================================
Received Import Request.
  Time since last request: 0.000025 seconds.
  path: Assets/4_Resources/stage3_obtect/stage_3_floor/material/b_DefaultMaterial_Normal.png
  artifactKey: Guid(ccc716ae5f081ac4996dbd421ae5f408) Importer(815301076,1909f56bfc062723c751e8b465ee728b)
Start importing Assets/4_Resources/stage3_obtect/stage_3_floor/material/b_DefaultMaterial_Normal.png using Guid(ccc716ae5f081ac4996dbd421ae5f408) Importer(815301076,1909f56bfc062723c751e8b465ee728b)  -> (artifact id: '07e2ccfeb94b78a6232f850b98c6166c') in 0.042688 seconds 
========================================================================
Received Import Request.
  Time since last request: 0.000036 seconds.
  path: Assets/4_Resources/stage3_obtect/stage_3_floor/material/b_DefaultMaterial_MetallicSmoothness.png
  artifactKey: Guid(44dec9f6fd5b24d4090aa229a0150c91) Importer(815301076,1909f56bfc062723c751e8b465ee728b)
Start importing Assets/4_Resources/stage3_obtect/stage_3_floor/material/b_DefaultMaterial_MetallicSmoothness.png using Guid(44dec9f6fd5b24d4090aa229a0150c91) Importer(815301076,1909f56bfc062723c751e8b465ee728b)  -> (artifact id: '6ef433be3f7b73f20811f4c1e6d1ad3a') in 0.022593 seconds 
========================================================================
Received Import Request.
  Time since last request: 0.000021 seconds.
  path: Packages/com.unity.textmeshpro/Editor Resources/Textures/btn_AlignBottom.psd
  artifactKey: Guid(ca51b19024094d1b87f3e07edb0a75fb) Importer(815301076,1909f56bfc062723c751e8b465ee728b)
Start importing Packages/com.unity.textmeshpro/Editor Resources/Textures/btn_AlignBottom.psd using Guid(ca51b19024094d1b87f3e07edb0a75fb) Importer(815301076,1909f56bfc062723c751e8b465ee728b)  -> (artifact id: 'bbdd13168a684fcf86733aa3f5798879') in 0.034951 seconds 
========================================================================
Received Import Request.
  Time since last request: 369.253462 seconds.
  path: Assets/Materials
  artifactKey: Guid(25a8c2dc02ebb1741bdf5b3c2530e67b) Importer(815301076,1909f56bfc062723c751e8b465ee728b)
Start importing Assets/Materials using Guid(25a8c2dc02ebb1741bdf5b3c2530e67b) Importer(815301076,1909f56bfc062723c751e8b465ee728b)  -> (artifact id: '67ea2d95d09274fd4e24e400b322c829') in 0.014687 seconds 
========================================================================
Received Import Request.
  Time since last request: 0.031681 seconds.
  path: Assets/Materials/MT_Moon.mat
  artifactKey: Guid(d7037dfed6b4cb049a2e60f7d87775a0) Importer(815301076,1909f56bfc062723c751e8b465ee728b)
Start importing Assets/Materials/MT_Moon.mat using Guid(d7037dfed6b4cb049a2e60f7d87775a0) Importer(815301076,1909f56bfc062723c751e8b465ee728b)  -> (artifact id: '197049e316fb9239f6f9e487881b25eb') in 0.265096 seconds 
========================================================================
Received Import Request.
  Time since last request: 1296.122176 seconds.
  path: Assets/Materials/MT_Moon.mat
  artifactKey: Guid(d7037dfed6b4cb049a2e60f7d87775a0) Importer(815301076,1909f56bfc062723c751e8b465ee728b)
Start importing Assets/Materials/MT_Moon.mat using Guid(d7037dfed6b4cb049a2e60f7d87775a0) Importer(815301076,1909f56bfc062723c751e8b465ee728b)  -> (artifact id: 'fc5ea52dbdf89af4506e7b8ff07ef763') in 0.051298 seconds 
========================================================================
Received Import Request.
  Time since last request: 136.626864 seconds.
  path: Assets/Materials/MT_Moon.mat
  artifactKey: Guid(d7037dfed6b4cb049a2e60f7d87775a0) Importer(815301076,1909f56bfc062723c751e8b465ee728b)
Start importing Assets/Materials/MT_Moon.mat using Guid(d7037dfed6b4cb049a2e60f7d87775a0) Importer(815301076,1909f56bfc062723c751e8b465ee728b)  -> (artifact id: 'e1ae33acf8c35245ba7c37c79d5481fb') in 0.042498 seconds 
========================================================================
Received Import Request.
  Time since last request: 13.550649 seconds.
  path: Assets/Materials/MT_Moon.mat
  artifactKey: Guid(d7037dfed6b4cb049a2e60f7d87775a0) Importer(815301076,1909f56bfc062723c751e8b465ee728b)
Start importing Assets/Materials/MT_Moon.mat using Guid(d7037dfed6b4cb049a2e60f7d87775a0) Importer(815301076,1909f56bfc062723c751e8b465ee728b)  -> (artifact id: '25baf31c96c6cd21468dfa68228a3bfd') in 0.034753 seconds 
========================================================================
Received Import Request.
  Time since last request: 22.130655 seconds.
  path: Assets/Materials/MT_Moon.mat
  artifactKey: Guid(d7037dfed6b4cb049a2e60f7d87775a0) Importer(815301076,1909f56bfc062723c751e8b465ee728b)
Start importing Assets/Materials/MT_Moon.mat using Guid(d7037dfed6b4cb049a2e60f7d87775a0) Importer(815301076,1909f56bfc062723c751e8b465ee728b)  -> (artifact id: 'baa29e6ff3958258ff5e088c48c5e09f') in 0.067109 seconds 
========================================================================
Received Import Request.
  Time since last request: 514.468806 seconds.
  path: ProjectSettings/TagManager.asset
  artifactKey: Guid(00000000000000003000000000000000) Importer(815301076,1909f56bfc062723c751e8b465ee728b)
Start importing ProjectSettings/TagManager.asset using Guid(00000000000000003000000000000000) Importer(815301076,1909f56bfc062723c751e8b465ee728b)  -> (artifact id: 'dca39133bbc361df2963bd650783cfa2') in 0.013984 seconds 
========================================================================
Received Import Request.
  Time since last request: 5647.902168 seconds.
  path: Assets/JS/Sherbbs Particle Collection/Materials/VertexUnlitSlightGlowFadedMaskAdditive.mat
  artifactKey: Guid(a23bc5be0d07f7142b7e13aeb95dc248) Importer(815301076,1909f56bfc062723c751e8b465ee728b)
Start importing Assets/JS/Sherbbs Particle Collection/Materials/VertexUnlitSlightGlowFadedMaskAdditive.mat using Guid(a23bc5be0d07f7142b7e13aeb95dc248) Importer(815301076,1909f56bfc062723c751e8b465ee728b)  -> (artifact id: '568cdb57cfa036131e4c80e8556859bb') in 0.159946 seconds 
========================================================================
Received Import Request.
  Time since last request: 0.000125 seconds.
  path: Assets/Prefabs/BuildingModule/양면 머테리얼.mat
  artifactKey: Guid(70401190735a38d4f9ad38ddb0610a84) Importer(815301076,1909f56bfc062723c751e8b465ee728b)
Start importing Assets/Prefabs/BuildingModule/양면 머테리얼.mat using Guid(70401190735a38d4f9ad38ddb0610a84) Importer(815301076,1909f56bfc062723c751e8b465ee728b)  -> (artifact id: 'e2b0e47576cbe0659f2c27fc509b5007') in 0.075973 seconds 
========================================================================
Received Import Request.
  Time since last request: 0.573758 seconds.
  path: Assets/JS/Sherbbs Particle Collection/Materials/VertexUnlitGlowCircleAdditive.mat
  artifactKey: Guid(3f67cc901b0eaf54e87f5746514dc25d) Importer(815301076,1909f56bfc062723c751e8b465ee728b)
Start importing Assets/JS/Sherbbs Particle Collection/Materials/VertexUnlitGlowCircleAdditive.mat using Guid(3f67cc901b0eaf54e87f5746514dc25d) Importer(815301076,1909f56bfc062723c751e8b465ee728b)  -> (artifact id: 'dcd3239fbec3b610f8407573963fd940') in 0.059260 seconds 
========================================================================
Received Import Request.
  Time since last request: 0.000051 seconds.
  path: Assets/JS/Sherbbs Particle Collection/Materials/VertexUnlitGlowNoMask.mat
  artifactKey: Guid(b0fbc06b85f4fa3428dfd6d37843048d) Importer(815301076,1909f56bfc062723c751e8b465ee728b)
Start importing Assets/JS/Sherbbs Particle Collection/Materials/VertexUnlitGlowNoMask.mat using Guid(b0fbc06b85f4fa3428dfd6d37843048d) Importer(815301076,1909f56bfc062723c751e8b465ee728b)  -> (artifact id: '493bf6f54dc715304fc0720333600192') in 0.056444 seconds 
========================================================================
Received Import Request.
  Time since last request: 0.000039 seconds.
  path: Assets/JS/Sherbbs Particle Collection/Materials/VertexLitDiffuseNoMask.mat
  artifactKey: Guid(e279735d9325f4448a64c0e82a79952f) Importer(815301076,1909f56bfc062723c751e8b465ee728b)
Start importing Assets/JS/Sherbbs Particle Collection/Materials/VertexLitDiffuseNoMask.mat using Guid(e279735d9325f4448a64c0e82a79952f) Importer(815301076,1909f56bfc062723c751e8b465ee728b)  -> (artifact id: '772d0c08fa61acce33a4e59f1ab7efa2') in 0.096719 seconds 
========================================================================
Received Import Request.
  Time since last request: 0.000026 seconds.
  path: Assets/4_Resources/Playercharacter/new_ani/Moonlightcity_Playercharacter_walkanimation.fbx
  artifactKey: Guid(59d7fd1815327da46a0b4f59732a4412) Importer(815301076,1909f56bfc062723c751e8b465ee728b)
Start importing Assets/4_Resources/Playercharacter/new_ani/Moonlightcity_Playercharacter_walkanimation.fbx using Guid(59d7fd1815327da46a0b4f59732a4412) Importer(815301076,1909f56bfc062723c751e8b465ee728b)  -> (artifact id: '4b0dde4c57cb541101d7472661d96b8c') in 0.226327 seconds 
========================================================================
Received Import Request.
  Time since last request: 0.000053 seconds.
  path: Assets/JS/Sherbbs Particle Collection/Materials/VertexUnlitGlowHollowCircleAdditive.mat
  artifactKey: Guid(fa7ddd47dede42b4e82fa25bb3d3e1e4) Importer(815301076,1909f56bfc062723c751e8b465ee728b)
Start importing Assets/JS/Sherbbs Particle Collection/Materials/VertexUnlitGlowHollowCircleAdditive.mat using Guid(fa7ddd47dede42b4e82fa25bb3d3e1e4) Importer(815301076,1909f56bfc062723c751e8b465ee728b)  -> (artifact id: '33a2123877d15300b9285330d51c7a59') in 0.029221 seconds 
========================================================================
Received Import Request.
  Time since last request: 0.000069 seconds.
  path: Assets/unity-chan!/Unity-chan! Model/Art/Stage/Materials/unitychan_tile4.mat
  artifactKey: Guid(0f2978993cddc449c99a4e1893ed3479) Importer(815301076,1909f56bfc062723c751e8b465ee728b)
Start importing Assets/unity-chan!/Unity-chan! Model/Art/Stage/Materials/unitychan_tile4.mat using Guid(0f2978993cddc449c99a4e1893ed3479) Importer(815301076,1909f56bfc062723c751e8b465ee728b)  -> (artifact id: 'e146c17c5ea4865d5c441e9f6ba972db') in 0.029819 seconds 
========================================================================
Received Import Request.
  Time since last request: 0.000031 seconds.
  path: Assets/JS/Sherbbs Particle Collection/Materials/VertexUnlitGlowRoundedSquare.mat
  artifactKey: Guid(a1bc200c72ac7ee4cb0e1e043e5411a4) Importer(815301076,1909f56bfc062723c751e8b465ee728b)
Start importing Assets/JS/Sherbbs Particle Collection/Materials/VertexUnlitGlowRoundedSquare.mat using Guid(a1bc200c72ac7ee4cb0e1e043e5411a4) Importer(815301076,1909f56bfc062723c751e8b465ee728b)  -> (artifact id: 'afcff420a61fc70769177176c3c94b62') in 0.025742 seconds 
========================================================================
Received Import Request.
  Time since last request: 0.000034 seconds.
  path: Assets/JS/Sherbbs Particle Collection/Materials/VertexUnlitDiffuseNoMaskAdditive.mat
  artifactKey: Guid(e33f1e8091de82148acee723c2ccf018) Importer(815301076,1909f56bfc062723c751e8b465ee728b)
Start importing Assets/JS/Sherbbs Particle Collection/Materials/VertexUnlitDiffuseNoMaskAdditive.mat using Guid(e33f1e8091de82148acee723c2ccf018) Importer(815301076,1909f56bfc062723c751e8b465ee728b)  -> (artifact id: '0b079efc95182813fbdcdee8c99df98b') in 0.028993 seconds 
========================================================================
Received Import Request.
  Time since last request: 0.000037 seconds.
  path: Assets/JS/Sherbbs Particle Collection/Materials/VertexUnlitGlowHollowCircle.mat
  artifactKey: Guid(866bb9aa040051c42b608f04088acc81) Importer(815301076,1909f56bfc062723c751e8b465ee728b)
Start importing Assets/JS/Sherbbs Particle Collection/Materials/VertexUnlitGlowHollowCircle.mat using Guid(866bb9aa040051c42b608f04088acc81) Importer(815301076,1909f56bfc062723c751e8b465ee728b)  -> (artifact id: '7c47af683caf8f66d188f2cbc95da016') in 0.027844 seconds 
========================================================================
Received Import Request.
  Time since last request: 0.000033 seconds.
  path: Assets/unity-chan!/Unity-chan! Model/Art/Stage/Materials/unitychan_tile6.mat
  artifactKey: Guid(330274cf2c5de4464a4b4b243b59e371) Importer(815301076,1909f56bfc062723c751e8b465ee728b)
Start importing Assets/unity-chan!/Unity-chan! Model/Art/Stage/Materials/unitychan_tile6.mat using Guid(330274cf2c5de4464a4b4b243b59e371) Importer(815301076,1909f56bfc062723c751e8b465ee728b)  -> (artifact id: '0d0f39dbb449f756b157745ff2f3aeab') in 0.026354 seconds 
Editor requested this worker to shutdown with reason: Scaling down because of idle timeout
AssetImportWorker is now disconnected from the server
Process exiting
Exiting without the bug reporter. Application will terminate with return code 0