Using pre-set license
Built from '2021.3/staging' branch; Version is '2021.3.24f1 (cf10dcf7010d) revision 13570268'; Using compiler version '192829333'; Build Type 'Release'
OS: 'Windows 10  (10.0.19044) 64bit Professional' Language: 'ko' Physical Memory: 16241 MB
BatchMode: 1, IsHumanControllingUs: 0, StartBugReporterOnCrash: 0, Is64bit: 1, IsPro: 1

COMMAND LINE ARGUMENTS:
C:\Program Files\Unity\Hub\Editor\2021.3.24f1\Editor\Unity.exe
-adb2
-batchMode
-noUpm
-name
AssetImportWorker0
-projectPath
D:/City_Moonlight/5_Project/City_Moonlight
-logFile
Logs/AssetImportWorker0.log
-srvPort
60144
Successfully changed project path to: D:/City_Moonlight/5_Project/City_Moonlight
D:/City_Moonlight/5_Project/City_Moonlight
[UnityMemory] Configuration Parameters - Can be set up in boot.config
    "memorysetup-bucket-allocator-granularity=16"
    "memorysetup-bucket-allocator-bucket-count=8"
    "memorysetup-bucket-allocator-block-size=33554432"
    "memorysetup-bucket-allocator-block-count=8"
    "memorysetup-main-allocator-block-size=16777216"
    "memorysetup-thread-allocator-block-size=16777216"
    "memorysetup-gfx-main-allocator-block-size=16777216"
    "memorysetup-gfx-thread-allocator-block-size=16777216"
    "memorysetup-cache-allocator-block-size=4194304"
    "memorysetup-typetree-allocator-block-size=2097152"
    "memorysetup-profiler-bucket-allocator-granularity=16"
    "memorysetup-profiler-bucket-allocator-bucket-count=8"
    "memorysetup-profiler-bucket-allocator-block-size=33554432"
    "memorysetup-profiler-bucket-allocator-block-count=8"
    "memorysetup-profiler-allocator-block-size=16777216"
    "memorysetup-profiler-editor-allocator-block-size=1048576"
    "memorysetup-temp-allocator-size-main=16777216"
    "memorysetup-job-temp-allocator-block-size=2097152"
    "memorysetup-job-temp-allocator-block-size-background=1048576"
    "memorysetup-job-temp-allocator-reduction-small-platforms=262144"
    "memorysetup-temp-allocator-size-background-worker=32768"
    "memorysetup-temp-allocator-size-job-worker=262144"
    "memorysetup-temp-allocator-size-preload-manager=33554432"
    "memorysetup-temp-allocator-size-nav-mesh-worker=65536"
    "memorysetup-temp-allocator-size-audio-worker=65536"
    "memorysetup-temp-allocator-size-cloud-worker=32768"
    "memorysetup-temp-allocator-size-gi-baking-worker=262144"
    "memorysetup-temp-allocator-size-gfx=262144"
Player connection [2060] Host "[IP] 192.168.150.229 [Port] 0 [Flags] 2 [Guid] 3410492470 [EditorId] 3410492470 [Version] 1048832 [Id] WindowsEditor(7,DESKTOP-H8JCEKN) [Debug] 1 [PackageName] WindowsEditor [ProjectName] Editor" joined multi-casting on [225.0.0.222:54997]...

Player connection [2060] Host "[IP] 192.168.150.229 [Port] 0 [Flags] 2 [Guid] 3410492470 [EditorId] 3410492470 [Version] 1048832 [Id] WindowsEditor(7,DESKTOP-H8JCEKN) [Debug] 1 [PackageName] WindowsEditor [ProjectName] Editor" joined alternative multi-casting on [225.0.0.222:34997]...

Refreshing native plugins compatible for Editor in 158.96 ms, found 3 plugins.
Preloading 0 native plugins for Editor in 0.00 ms.
Initialize engine version: 2021.3.24f1 (cf10dcf7010d)
[Subsystems] Discovering subsystems at path C:/Program Files/Unity/Hub/Editor/2021.3.24f1/Editor/Data/Resources/UnitySubsystems
[Subsystems] Discovering subsystems at path D:/City_Moonlight/5_Project/City_Moonlight/Assets
GfxDevice: creating device client; threaded=0; jobified=0
Direct3D:
    Version:  Direct3D 11.0 [level 11.1]
    Renderer: NVIDIA GeForce GTX 1650 (ID=0x1f91)
    Vendor:   NVIDIA
    VRAM:     3964 MB
    Driver:   31.0.15.1700
Initialize mono
Mono path[0] = 'C:/Program Files/Unity/Hub/Editor/2021.3.24f1/Editor/Data/Managed'
Mono path[1] = 'C:/Program Files/Unity/Hub/Editor/2021.3.24f1/Editor/Data/MonoBleedingEdge/lib/mono/unityjit-win32'
Mono config path = 'C:/Program Files/Unity/Hub/Editor/2021.3.24f1/Editor/Data/MonoBleedingEdge/etc'
Using monoOptions --debugger-agent=transport=dt_socket,embedding=1,server=y,suspend=n,address=127.0.0.1:56056
Begin MonoManager ReloadAssembly
Registering precompiled unity dll's ...
Register platform support module: C:/Program Files/Unity/Hub/Editor/2021.3.24f1/Editor/Data/PlaybackEngines/WindowsStandaloneSupport/UnityEditor.WindowsStandalone.Extensions.dll
Registered in 0.007941 seconds.
Native extension for WindowsStandalone target not found
Refreshing native plugins compatible for Editor in 127.78 ms, found 3 plugins.
Preloading 0 native plugins for Editor in 0.00 ms.
Mono: successfully reloaded assembly
- Completed reload, in  0.807 seconds
Domain Reload Profiling:
	ReloadAssembly (807ms)
		BeginReloadAssembly (126ms)
			ExecutionOrderSort (0ms)
			DisableScriptedObjects (0ms)
			BackupInstance (0ms)
			ReleaseScriptingObjects (0ms)
			CreateAndSetChildDomain (1ms)
		EndReloadAssembly (549ms)
			LoadAssemblies (122ms)
			RebuildTransferFunctionScriptingTraits (0ms)
			SetupTypeCache (117ms)
			ReleaseScriptCaches (0ms)
			RebuildScriptCaches (34ms)
			SetupLoadedEditorAssemblies (342ms)
				LogAssemblyErrors (0ms)
				InitializePlatformSupportModulesInManaged (9ms)
				SetLoadedEditorAssemblies (0ms)
				RefreshPlugins (128ms)
				BeforeProcessingInitializeOnLoad (1ms)
				ProcessInitializeOnLoadAttributes (142ms)
				ProcessInitializeOnLoadMethodAttributes (61ms)
				AfterProcessingInitializeOnLoad (0ms)
				EditorAssembliesLoaded (0ms)
			ExecutionOrderSort2 (0ms)
			AwakeInstancesAfterBackupRestoration (0ms)
Platform modules already initialized, skipping
Registering precompiled user dll's ...
Registered in 0.006641 seconds.
Begin MonoManager ReloadAssembly
Native extension for WindowsStandalone target not found
Refreshing native plugins compatible for Editor in 123.45 ms, found 3 plugins.
Preloading 0 native plugins for Editor in 0.00 ms.
Mono: successfully reloaded assembly
- Completed reload, in  1.481 seconds
Domain Reload Profiling:
	ReloadAssembly (1482ms)
		BeginReloadAssembly (141ms)
			ExecutionOrderSort (0ms)
			DisableScriptedObjects (7ms)
			BackupInstance (0ms)
			ReleaseScriptingObjects (0ms)
			CreateAndSetChildDomain (21ms)
		EndReloadAssembly (1220ms)
			LoadAssemblies (122ms)
			RebuildTransferFunctionScriptingTraits (0ms)
			SetupTypeCache (367ms)
			ReleaseScriptCaches (1ms)
			RebuildScriptCaches (75ms)
			SetupLoadedEditorAssemblies (635ms)
				LogAssemblyErrors (0ms)
				InitializePlatformSupportModulesInManaged (6ms)
				SetLoadedEditorAssemblies (0ms)
				RefreshPlugins (124ms)
				BeforeProcessingInitializeOnLoad (122ms)
				ProcessInitializeOnLoadAttributes (290ms)
				ProcessInitializeOnLoadMethodAttributes (85ms)
				AfterProcessingInitializeOnLoad (9ms)
				EditorAssembliesLoaded (0ms)
			ExecutionOrderSort2 (0ms)
			AwakeInstancesAfterBackupRestoration (7ms)
Platform modules already initialized, skipping
========================================================================
Worker process is ready to serve import requests
Launched and connected shader compiler UnityShaderCompiler.exe after 0.07 seconds
Refreshing native plugins compatible for Editor in 1.15 ms, found 3 plugins.
Preloading 0 native plugins for Editor in 0.00 ms.
Unloading 5267 Unused Serialized files (Serialized files now loaded: 0)
Unloading 57 unused Assets / (2.0 MB). Loaded Objects now: 5712.
Memory consumption went from 223.5 MB to 221.5 MB.
Total: 4.425000 ms (FindLiveObjects: 0.522100 ms CreateObjectMapping: 0.446200 ms MarkObjects: 2.605400 ms  DeleteObjects: 0.850300 ms)

AssetImportParameters requested are different than current active one (requested -> active):
  custom:video-decoder-ogg-theora: a1e56fd34408186e4bbccfd4996cb3dc -> 
  custom:container-muxer-webm: aa71ff27fc2769a1b78a27578f13a17b -> 
  custom:container-demuxer-webm: 4f35f7cbe854078d1ac9338744f61a02 -> 
  custom:video-encoder-webm-vp8: eb34c28f22e8b96e1ab97ce403110664 -> 
  custom:audio-encoder-webm-vorbis: bf7c407c2cedff20999df2af8eb42d56 -> 
  custom:framework-win-MediaFoundation: 216162199b28c13a410421893ffa2e32 -> 
  custom:container-demuxer-ogg: 62fdf1f143b41e24485cea50d1cbac27 -> 
  custom:video-decoder-webm-vp8: 9c59270c3fd7afecdb556c50c9e8de78 -> 
  custom:audio-decoder-ogg-vorbis: bf7c407c2cedff20999df2af8eb42d56 -> 
========================================================================
Received Import Request.
  Time since last request: 1208071.175074 seconds.
  path: Assets/EndOpening.signal
  artifactKey: Guid(0966867c89d2e75469f50bc9582e2efa) Importer(815301076,1909f56bfc062723c751e8b465ee728b)
Start importing Assets/EndOpening.signal using Guid(0966867c89d2e75469f50bc9582e2efa) Importer(815301076,1909f56bfc062723c751e8b465ee728b)  -> (artifact id: 'a5695273a4e15638977bf58b34d161d6') in 0.041572 seconds 
========================================================================
Received Import Request.
  Time since last request: 0.000032 seconds.
  path: Assets/UniversalRenderPipelineGlobalSettings.asset
  artifactKey: Guid(be0fd6fd266962e45a2de68fee0ba2c9) Importer(815301076,1909f56bfc062723c751e8b465ee728b)
Start importing Assets/UniversalRenderPipelineGlobalSettings.asset using Guid(be0fd6fd266962e45a2de68fee0ba2c9) Importer(815301076,1909f56bfc062723c751e8b465ee728b)  -> (artifact id: '82bbdb25a287e9ef6718702e00a9db7c') in 0.010330 seconds 
========================================================================
Received Import Request.
  Time since last request: 170.326335 seconds.
  path: Assets/4_Resources
  artifactKey: Guid(67d3930c5cd3e7a40848026a4b21f7eb) Importer(815301076,1909f56bfc062723c751e8b465ee728b)
Start importing Assets/4_Resources using Guid(67d3930c5cd3e7a40848026a4b21f7eb) Importer(815301076,1909f56bfc062723c751e8b465ee728b)  -> (artifact id: '84e65084c462b5bb241463167e3e4aab') in 0.007999 seconds 
========================================================================
Received Import Request.
  Time since last request: 0.032735 seconds.
  path: Assets/4_Resources/asdfasdfasdfasdfasdfasfd.png
  artifactKey: Guid(fb55301a81650bb4b8deba2eab4242e3) Importer(815301076,1909f56bfc062723c751e8b465ee728b)
Start importing Assets/4_Resources/asdfasdfasdfasdfasdfasfd.png using Guid(fb55301a81650bb4b8deba2eab4242e3) Importer(815301076,1909f56bfc062723c751e8b465ee728b)  -> (artifact id: '8f7f6f52623c6aefd9bd13a51ed77880') in 0.044714 seconds 
========================================================================
Received Import Request.
  Time since last request: 19.624793 seconds.
  path: Assets/Timeline/Cutscenes/01_Opening.playable
  artifactKey: Guid(0a4e671a4a18da840a04d9d0aa35b968) Importer(815301076,1909f56bfc062723c751e8b465ee728b)
Start importing Assets/Timeline/Cutscenes/01_Opening.playable using Guid(0a4e671a4a18da840a04d9d0aa35b968) Importer(815301076,1909f56bfc062723c751e8b465ee728b)  -> (artifact id: '1082c90cea96f2a1ebc35f887d844981') in 0.027840 seconds 
========================================================================
Received Prepare
Registering precompiled user dll's ...
Registered in 0.004869 seconds.
Begin MonoManager ReloadAssembly
Native extension for WindowsStandalone target not found
Refreshing native plugins compatible for Editor in 1.76 ms, found 3 plugins.
Preloading 0 native plugins for Editor in 0.00 ms.
Mono: successfully reloaded assembly
- Completed reload, in  1.524 seconds
Domain Reload Profiling:
	ReloadAssembly (1525ms)
		BeginReloadAssembly (164ms)
			ExecutionOrderSort (0ms)
			DisableScriptedObjects (5ms)
			BackupInstance (0ms)
			ReleaseScriptingObjects (0ms)
			CreateAndSetChildDomain (44ms)
		EndReloadAssembly (1255ms)
			LoadAssemblies (119ms)
			RebuildTransferFunctionScriptingTraits (0ms)
			SetupTypeCache (333ms)
			ReleaseScriptCaches (2ms)
			RebuildScriptCaches (63ms)
			SetupLoadedEditorAssemblies (673ms)
				LogAssemblyErrors (0ms)
				InitializePlatformSupportModulesInManaged (8ms)
				SetLoadedEditorAssemblies (1ms)
				RefreshPlugins (2ms)
				BeforeProcessingInitializeOnLoad (139ms)
				ProcessInitializeOnLoadAttributes (388ms)
				ProcessInitializeOnLoadMethodAttributes (120ms)
				AfterProcessingInitializeOnLoad (15ms)
				EditorAssembliesLoaded (0ms)
			ExecutionOrderSort2 (0ms)
			AwakeInstancesAfterBackupRestoration (14ms)
Platform modules already initialized, skipping
Refreshing native plugins compatible for Editor in 2.35 ms, found 3 plugins.
Preloading 0 native plugins for Editor in 0.00 ms.
Unloading 5089 Unused Serialized files (Serialized files now loaded: 0)
Unloading 38 unused Assets / (2.0 MB). Loaded Objects now: 5730.
Memory consumption went from 208.7 MB to 206.7 MB.
Total: 5.240700 ms (FindLiveObjects: 0.582600 ms CreateObjectMapping: 0.446700 ms MarkObjects: 3.426400 ms  DeleteObjects: 0.783700 ms)

AssetImportParameters requested are different than current active one (requested -> active):
  custom:video-decoder-ogg-theora: a1e56fd34408186e4bbccfd4996cb3dc -> 
  custom:container-muxer-webm: aa71ff27fc2769a1b78a27578f13a17b -> 
  custom:container-demuxer-webm: 4f35f7cbe854078d1ac9338744f61a02 -> 
  custom:video-encoder-webm-vp8: eb34c28f22e8b96e1ab97ce403110664 -> 
  custom:audio-encoder-webm-vorbis: bf7c407c2cedff20999df2af8eb42d56 -> 
  custom:framework-win-MediaFoundation: 216162199b28c13a410421893ffa2e32 -> 
  custom:container-demuxer-ogg: 62fdf1f143b41e24485cea50d1cbac27 -> 
  custom:video-decoder-webm-vp8: 9c59270c3fd7afecdb556c50c9e8de78 -> 
  custom:audio-decoder-ogg-vorbis: bf7c407c2cedff20999df2af8eb42d56 -> 
========================================================================
Received Prepare
Registering precompiled user dll's ...
Registered in 0.006738 seconds.
Begin MonoManager ReloadAssembly
Native extension for WindowsStandalone target not found
Refreshing native plugins compatible for Editor in 6.90 ms, found 3 plugins.
Preloading 0 native plugins for Editor in 0.00 ms.
Mono: successfully reloaded assembly
- Completed reload, in  1.684 seconds
Domain Reload Profiling:
	ReloadAssembly (1685ms)
		BeginReloadAssembly (188ms)
			ExecutionOrderSort (0ms)
			DisableScriptedObjects (5ms)
			BackupInstance (0ms)
			ReleaseScriptingObjects (0ms)
			CreateAndSetChildDomain (57ms)
		EndReloadAssembly (1377ms)
			LoadAssemblies (132ms)
			RebuildTransferFunctionScriptingTraits (0ms)
			SetupTypeCache (383ms)
			ReleaseScriptCaches (2ms)
			RebuildScriptCaches (61ms)
			SetupLoadedEditorAssemblies (735ms)
				LogAssemblyErrors (0ms)
				InitializePlatformSupportModulesInManaged (7ms)
				SetLoadedEditorAssemblies (1ms)
				RefreshPlugins (7ms)
				BeforeProcessingInitializeOnLoad (140ms)
				ProcessInitializeOnLoadAttributes (432ms)
				ProcessInitializeOnLoadMethodAttributes (135ms)
				AfterProcessingInitializeOnLoad (13ms)
				EditorAssembliesLoaded (0ms)
			ExecutionOrderSort2 (0ms)
			AwakeInstancesAfterBackupRestoration (19ms)
Platform modules already initialized, skipping
Refreshing native plugins compatible for Editor in 5.13 ms, found 3 plugins.
Preloading 0 native plugins for Editor in 0.00 ms.
Unloading 5089 Unused Serialized files (Serialized files now loaded: 0)
Unloading 38 unused Assets / (2.0 MB). Loaded Objects now: 5745.
Memory consumption went from 208.7 MB to 206.7 MB.
Total: 6.468000 ms (FindLiveObjects: 0.716700 ms CreateObjectMapping: 0.529700 ms MarkObjects: 4.185700 ms  DeleteObjects: 1.034600 ms)

AssetImportParameters requested are different than current active one (requested -> active):
  custom:video-decoder-ogg-theora: a1e56fd34408186e4bbccfd4996cb3dc -> 
  custom:container-muxer-webm: aa71ff27fc2769a1b78a27578f13a17b -> 
  custom:container-demuxer-webm: 4f35f7cbe854078d1ac9338744f61a02 -> 
  custom:video-encoder-webm-vp8: eb34c28f22e8b96e1ab97ce403110664 -> 
  custom:audio-encoder-webm-vorbis: bf7c407c2cedff20999df2af8eb42d56 -> 
  custom:framework-win-MediaFoundation: 216162199b28c13a410421893ffa2e32 -> 
  custom:container-demuxer-ogg: 62fdf1f143b41e24485cea50d1cbac27 -> 
  custom:video-decoder-webm-vp8: 9c59270c3fd7afecdb556c50c9e8de78 -> 
  custom:audio-decoder-ogg-vorbis: bf7c407c2cedff20999df2af8eb42d56 -> 
========================================================================
Received Import Request.
  Time since last request: 242.527845 seconds.
  path: Assets/TestResources/1629954547-Kalachakra_mandala_49705-930242.jpg
  artifactKey: Guid(9a940027ea62f2049b9c1ea7dde7f9c4) Importer(815301076,1909f56bfc062723c751e8b465ee728b)
Start importing Assets/TestResources/1629954547-Kalachakra_mandala_49705-930242.jpg using Guid(9a940027ea62f2049b9c1ea7dde7f9c4) Importer(815301076,1909f56bfc062723c751e8b465ee728b)  -> (artifact id: '7249967bad9ccd54d5c929600f6be098') in 0.477305 seconds 
========================================================================
Received Import Request.
  Time since last request: 0.000038 seconds.
  path: Assets/4_Resources/background/bg_Gradation/cloud_BG_GR.png
  artifactKey: Guid(d5a13eea145ad95478bb4460ca467866) Importer(815301076,1909f56bfc062723c751e8b465ee728b)
Start importing Assets/4_Resources/background/bg_Gradation/cloud_BG_GR.png using Guid(d5a13eea145ad95478bb4460ca467866) Importer(815301076,1909f56bfc062723c751e8b465ee728b)  -> (artifact id: '2394191911940f70674c266a59738b1c') in 0.367030 seconds 
========================================================================
Received Import Request.
  Time since last request: 1.767053 seconds.
  path: Assets/4_Resources/background/lamp_BG.png
  artifactKey: Guid(14ebecd1960ac6843b5b59560ccfff09) Importer(815301076,1909f56bfc062723c751e8b465ee728b)
Start importing Assets/4_Resources/background/lamp_BG.png using Guid(14ebecd1960ac6843b5b59560ccfff09) Importer(815301076,1909f56bfc062723c751e8b465ee728b)  -> (artifact id: '47a19e571c01d7c74ce7458c56aa9d7b') in 0.281721 seconds 
========================================================================
Received Import Request.
  Time since last request: 0.194122 seconds.
  path: Assets/4_Resources/background/bg_Gradation/lamp_BG_GR.png
  artifactKey: Guid(951cd60416e2cf9449095681f8391f7f) Importer(815301076,1909f56bfc062723c751e8b465ee728b)
Start importing Assets/4_Resources/background/bg_Gradation/lamp_BG_GR.png using Guid(951cd60416e2cf9449095681f8391f7f) Importer(815301076,1909f56bfc062723c751e8b465ee728b)  -> (artifact id: 'ca0840e44bd7d88bb907d4427f90d3cc') in 0.246144 seconds 
========================================================================
Received Import Request.
  Time since last request: 1.665590 seconds.
  path: Assets/4_Resources/ui/Setting/settingbackground_ui.png
  artifactKey: Guid(8e9d601a3dccf1340a46a12d944fc29e) Importer(815301076,1909f56bfc062723c751e8b465ee728b)
Start importing Assets/4_Resources/ui/Setting/settingbackground_ui.png using Guid(8e9d601a3dccf1340a46a12d944fc29e) Importer(815301076,1909f56bfc062723c751e8b465ee728b)  -> (artifact id: '5f8cb339046ff250fab6afb768db47de') in 0.101492 seconds 
========================================================================
Received Import Request.
  Time since last request: 31.111742 seconds.
  path: Assets/4_Resources/background/cloud_BG_emssive.png
  artifactKey: Guid(f31b58912cb926f45bfac4bee3c84192) Importer(815301076,1909f56bfc062723c751e8b465ee728b)
Start importing Assets/4_Resources/background/cloud_BG_emssive.png using Guid(f31b58912cb926f45bfac4bee3c84192) Importer(815301076,1909f56bfc062723c751e8b465ee728b)  -> (artifact id: '3b2f27907ae4c2063f36f2bcc4ef6638') in 0.029513 seconds 
========================================================================
Received Import Request.
  Time since last request: 0.000068 seconds.
  path: Assets/4_Resources/background/lamp_BG_emssive.png
  artifactKey: Guid(5546c32ffe3ed5d4bbe6657af67ade88) Importer(815301076,1909f56bfc062723c751e8b465ee728b)
Start importing Assets/4_Resources/background/lamp_BG_emssive.png using Guid(5546c32ffe3ed5d4bbe6657af67ade88) Importer(815301076,1909f56bfc062723c751e8b465ee728b)  -> (artifact id: 'a7edb2fd085bff7307d8ce98c1d15b69') in 0.028977 seconds 
Editor requested this worker to shutdown with reason: Scaling down because of idle timeout
AssetImportWorker is now disconnected from the server
Process exiting
Exiting without the bug reporter. Application will terminate with return code 0